2024-12-04 03:56:34,931 [INFO] Logging initialized
2024-12-04 03:56:34,931 [INFO] Starting Braille Controller Application
2024-12-04 03:56:35,055 [DEBUG] Configuration loaded from file
2024-12-04 03:56:35,055 [DEBUG] Configuration initialized
2024-12-04 03:56:35,062 [INFO] Available serial ports: ['/dev/cu.debug-console', '/dev/cu.Bluetooth-Incoming-Port', '/dev/cu.AlisJBLPARTYBOXON-THE-GO', '/dev/cu.usbmodem21101']
2024-12-04 03:56:35,062 [DEBUG] BrailleControllerGUI initialized
2024-12-04 03:56:35,062 [INFO] GUI initialized successfully
2024-12-04 03:56:35,062 [INFO] Application started - Log file: logs/braille_controller_20241204_035634.log
2024-12-04 03:56:39,750 [INFO] Connected to /dev/cu.usbmodem21101
2024-12-04 03:56:39,754 [DEBUG] Received: Braille Servo Controller Ready
2024-12-04 03:56:39,755 [DEBUG] Received message: Braille Servo Controller Ready
2024-12-04 03:56:39,860 [DEBUG] Received: Enter text to convert to Braille
2024-12-04 03:56:39,860 [DEBUG] Received message: Enter text to convert to Braille
2024-12-04 03:56:47,166 [DEBUG] Configuration saved to file
2024-12-04 03:56:47,167 [DEBUG] Configuration updated: char_delay = 3000
2024-12-04 03:56:47,167 [DEBUG] Configuration saved to file
2024-12-04 03:56:47,168 [DEBUG] Configuration updated: servo_delay = 750
2024-12-04 03:56:47,168 [DEBUG] Configuration saved to file
2024-12-04 03:56:47,169 [DEBUG] Configuration updated: dual_servo_mode = True
2024-12-04 03:56:47,169 [DEBUG] Configuration saved to file
2024-12-04 03:56:47,169 [DEBUG] Configuration updated: debug_mode = False
2024-12-04 03:56:49,831 [DEBUG] Text command sent: TEXT:123
2024-12-04 03:56:49,831 [DEBUG] Pattern updated: 000000
2024-12-04 03:56:49,831 [DEBUG] Pattern updated: 000000
2024-12-04 03:56:49,832 [DEBUG] Pattern updated: 000000
2024-12-04 03:56:49,949 [DEBUG] Received: Processing: 123
2024-12-04 03:56:49,950 [DEBUG] Received message: Processing: 123
2024-12-04 03:56:50,056 [DEBUG] Received: Character: 1 -> Pattern: 100000 Servo A (100): 1613µs, Servo B (0): 844µs
2024-12-04 03:56:50,057 [DEBUG] Received message: Character: 1 -> Pattern: 100000 Servo A (100): 1613µs, Servo B (0): 844µs
2024-12-04 03:56:50,058 [DEBUG] Pattern updated: 100000
2024-12-04 03:56:50,059 [DEBUG] Pulse width (bounded): 1613µs
2024-12-04 03:56:50,059 [DEBUG] Converted 1613µs to 100.2°
2024-12-04 03:56:50,059 [DEBUG] Pulse width (bounded): 844µs
2024-12-04 03:56:50,060 [DEBUG] Converted 844µs to 31.0°
2024-12-04 03:56:51,454 [DEBUG] Received: Character: 2 -> Pattern: 101000 Servo A (101): 1920µs, Servo B (0): 844µs
2024-12-04 03:56:51,454 [DEBUG] Received message: Character: 2 -> Pattern: 101000 Servo A (101): 1920µs, Servo B (0): 844µs
2024-12-04 03:56:51,468 [DEBUG] Pattern updated: 101000
2024-12-04 03:56:51,469 [DEBUG] Pulse width (bounded): 1920µs
2024-12-04 03:56:51,469 [DEBUG] Converted 1920µs to 127.8°
2024-12-04 03:56:51,469 [DEBUG] Pulse width (bounded): 844µs
2024-12-04 03:56:51,469 [DEBUG] Converted 844µs to 31.0°
2024-12-04 03:56:52,965 [DEBUG] Received: Character: 3 -> Pattern: 110000 Servo A (110): 2037µs, Servo B (0): 844µs
2024-12-04 03:56:52,966 [DEBUG] Received message: Character: 3 -> Pattern: 110000 Servo A (110): 2037µs, Servo B (0): 844µs
2024-12-04 03:56:52,992 [DEBUG] Pattern updated: 110000
2024-12-04 03:56:52,993 [DEBUG] Pulse width (bounded): 2037µs
2024-12-04 03:56:52,993 [DEBUG] Converted 2037µs to 138.3°
2024-12-04 03:56:52,993 [DEBUG] Pulse width (bounded): 844µs
2024-12-04 03:56:52,993 [DEBUG] Converted 844µs to 31.0°
2024-12-04 03:56:56,006 [DEBUG] Text command sent: TEXT:456
2024-12-04 03:56:56,120 [DEBUG] Received: Processing: 456
2024-12-04 03:56:56,120 [DEBUG] Received message: Processing: 456
2024-12-04 03:56:56,226 [DEBUG] Received: Character: 4 -> Pattern: 110100 Servo A (110): 2037µs, Servo B (100): 1613µs
2024-12-04 03:56:56,226 [DEBUG] Received message: Character: 4 -> Pattern: 110100 Servo A (110): 2037µs, Servo B (100): 1613µs
2024-12-04 03:56:56,237 [DEBUG] Pattern updated: 110100
2024-12-04 03:56:56,238 [DEBUG] Pulse width (bounded): 2037µs
2024-12-04 03:56:56,238 [DEBUG] Converted 2037µs to 138.3°
2024-12-04 03:56:56,238 [DEBUG] Pulse width (bounded): 1613µs
2024-12-04 03:56:56,238 [DEBUG] Converted 1613µs to 100.2°
2024-12-04 03:56:57,634 [DEBUG] Received: Character: 5 -> Pattern: 100100 Servo A (100): 1613µs, Servo B (100): 1613µs
2024-12-04 03:56:57,635 [DEBUG] Received message: Character: 5 -> Pattern: 100100 Servo A (100): 1613µs, Servo B (100): 1613µs
2024-12-04 03:56:57,652 [DEBUG] Pattern updated: 100100
2024-12-04 03:56:57,652 [DEBUG] Pulse width (bounded): 1613µs
2024-12-04 03:56:57,652 [DEBUG] Converted 1613µs to 100.2°
2024-12-04 03:56:57,653 [DEBUG] Pulse width (bounded): 1613µs
2024-12-04 03:56:57,653 [DEBUG] Converted 1613µs to 100.2°
2024-12-04 03:56:59,145 [DEBUG] Received: Character: 6 -> Pattern: 111000 Servo A (111): 2094µs, Servo B (0): 844µs
2024-12-04 03:56:59,146 [DEBUG] Received message: Character: 6 -> Pattern: 111000 Servo A (111): 2094µs, Servo B (0): 844µs
2024-12-04 03:56:59,151 [DEBUG] Pattern updated: 111000
2024-12-04 03:56:59,154 [DEBUG] Pulse width (bounded): 2094µs
2024-12-04 03:56:59,155 [DEBUG] Converted 2094µs to 143.5°
2024-12-04 03:56:59,155 [DEBUG] Pulse width (bounded): 844µs
2024-12-04 03:56:59,155 [DEBUG] Converted 844µs to 31.0°
2024-12-04 03:57:02,191 [DEBUG] Text command sent: TEXT:789
2024-12-04 03:57:02,306 [DEBUG] Received: Processing: 789
2024-12-04 03:57:02,306 [DEBUG] Received message: Processing: 789
2024-12-04 03:57:02,413 [DEBUG] Received: Character: 7 -> Pattern: 111100 Servo A (111): 2094µs, Servo B (100): 1613µs
2024-12-04 03:57:02,414 [DEBUG] Received message: Character: 7 -> Pattern: 111100 Servo A (111): 2094µs, Servo B (100): 1613µs
2024-12-04 03:57:02,431 [DEBUG] Pattern updated: 111100
2024-12-04 03:57:02,432 [DEBUG] Pulse width (bounded): 2094µs
2024-12-04 03:57:02,432 [DEBUG] Converted 2094µs to 143.5°
2024-12-04 03:57:02,432 [DEBUG] Pulse width (bounded): 1613µs
2024-12-04 03:57:02,432 [DEBUG] Converted 1613µs to 100.2°
2024-12-04 03:57:03,822 [DEBUG] Received: Character: 8 -> Pattern: 101100 Servo A (101): 1920µs, Servo B (100): 1613µs
2024-12-04 03:57:03,822 [DEBUG] Received message: Character: 8 -> Pattern: 101100 Servo A (101): 1920µs, Servo B (100): 1613µs
2024-12-04 03:57:03,838 [DEBUG] Pattern updated: 101100
2024-12-04 03:57:03,839 [DEBUG] Pulse width (bounded): 1920µs
2024-12-04 03:57:03,839 [DEBUG] Converted 1920µs to 127.8°
2024-12-04 03:57:03,839 [DEBUG] Pulse width (bounded): 1613µs
2024-12-04 03:57:03,839 [DEBUG] Converted 1613µs to 100.2°
2024-12-04 03:57:05,330 [DEBUG] Received: Character: 9 -> Pattern: 11000 Servo A (11): 1324µs, Servo B (0): 844µs
2024-12-04 03:57:05,330 [DEBUG] Received message: Character: 9 -> Pattern: 11000 Servo A (11): 1324µs, Servo B (0): 844µs
2024-12-04 03:57:05,330 [DEBUG] Pulse width (bounded): 1324µs
2024-12-04 03:57:05,331 [DEBUG] Converted 1324µs to 74.2°
2024-12-04 03:57:05,331 [DEBUG] Pulse width (bounded): 844µs
2024-12-04 03:57:05,331 [DEBUG] Converted 844µs to 31.0°
