2024-12-04 03:54:45,006 [INFO] Logging initialized
2024-12-04 03:54:45,006 [INFO] Starting Braille Controller Application
2024-12-04 03:54:45,171 [DEBUG] Configuration loaded from file
2024-12-04 03:54:45,171 [DEBUG] Configuration initialized
2024-12-04 03:54:45,179 [INFO] Available serial ports: ['/dev/cu.debug-console', '/dev/cu.Bluetooth-Incoming-Port', '/dev/cu.AlisJBLPARTYBOXON-THE-GO', '/dev/cu.usbmodem21101']
2024-12-04 03:54:45,180 [DEBUG] BrailleControllerGUI initialized
2024-12-04 03:54:45,180 [INFO] GUI initialized successfully
2024-12-04 03:54:45,180 [INFO] Application started - Log file: logs/braille_controller_20241204_035445.log
2024-12-04 03:54:50,690 [INFO] Connected to /dev/cu.usbmodem21101
2024-12-04 03:54:50,692 [DEBUG] Received: Braille Servo Controller Ready
2024-12-04 03:54:50,693 [DEBUG] Received message: Braille Servo Controller Ready
2024-12-04 03:54:50,798 [DEBUG] Received: Enter text to convert to Braille
2024-12-04 03:54:50,798 [DEBUG] Received message: Enter text to convert to Braille
2024-12-04 03:54:55,088 [DEBUG] Configuration saved to file
2024-12-04 03:54:55,089 [DEBUG] Configuration updated: char_delay = 3000
2024-12-04 03:54:55,090 [DEBUG] Configuration saved to file
2024-12-04 03:54:55,090 [DEBUG] Configuration updated: servo_delay = 750
2024-12-04 03:54:55,090 [DEBUG] Configuration saved to file
2024-12-04 03:54:55,090 [DEBUG] Configuration updated: dual_servo_mode = True
2024-12-04 03:54:55,090 [DEBUG] Configuration saved to file
2024-12-04 03:54:55,090 [DEBUG] Configuration updated: debug_mode = False
2024-12-04 03:55:00,608 [DEBUG] Text command sent: TEXT:123
2024-12-04 03:55:00,610 [DEBUG] Pattern updated: 000000
2024-12-04 03:55:00,610 [DEBUG] Pattern updated: 000000
2024-12-04 03:55:00,610 [DEBUG] Pattern updated: 000000
2024-12-04 03:55:00,701 [DEBUG] Received: Processing: 123
2024-12-04 03:55:00,701 [DEBUG] Received message: Processing: 123
2024-12-04 03:55:00,803 [DEBUG] Received: Character: 1 -> Pattern: 100000 Servo A (100): 1613µs, Servo B (0): 844µs
2024-12-04 03:55:00,803 [DEBUG] Received message: Character: 1 -> Pattern: 100000 Servo A (100): 1613µs, Servo B (0): 844µs
2024-12-04 03:55:00,805 [DEBUG] Pattern updated: 100000
2024-12-04 03:55:00,805 [DEBUG] Pulse width (bounded): 1613µs
2024-12-04 03:55:00,805 [DEBUG] Converted 1613µs to 100.2°
2024-12-04 03:55:00,805 [DEBUG] Pulse width (bounded): 844µs
2024-12-04 03:55:00,805 [DEBUG] Converted 844µs to 31.0°
2024-12-04 03:55:02,230 [DEBUG] Received: Character: 2 -> Pattern: 101000 Servo A (101): 1920µs, Servo B (0): 844µs
2024-12-04 03:55:02,230 [DEBUG] Received message: Character: 2 -> Pattern: 101000 Servo A (101): 1920µs, Servo B (0): 844µs
2024-12-04 03:55:02,232 [DEBUG] Pattern updated: 101000
2024-12-04 03:55:02,232 [DEBUG] Pulse width (bounded): 1920µs
2024-12-04 03:55:02,232 [DEBUG] Converted 1920µs to 127.8°
2024-12-04 03:55:02,232 [DEBUG] Pulse width (bounded): 844µs
2024-12-04 03:55:02,232 [DEBUG] Converted 844µs to 31.0°
2024-12-04 03:55:03,741 [DEBUG] Received: Character: 3 -> Pattern: 110000 Servo A (110): 2037µs, Servo B (0): 844µs
2024-12-04 03:55:03,742 [DEBUG] Received message: Character: 3 -> Pattern: 110000 Servo A (110): 2037µs, Servo B (0): 844µs
2024-12-04 03:55:03,743 [DEBUG] Pattern updated: 110000
2024-12-04 03:55:03,743 [DEBUG] Pulse width (bounded): 2037µs
2024-12-04 03:55:03,743 [DEBUG] Converted 2037µs to 138.3°
2024-12-04 03:55:03,743 [DEBUG] Pulse width (bounded): 844µs
2024-12-04 03:55:03,743 [DEBUG] Converted 844µs to 31.0°
2024-12-04 03:55:06,748 [DEBUG] Text command sent: TEXT:456
2024-12-04 03:55:06,863 [DEBUG] Received: Processing: 456
2024-12-04 03:55:06,864 [DEBUG] Received message: Processing: 456
2024-12-04 03:55:06,971 [DEBUG] Received: Character: 4 -> Pattern: 110100 Servo A (110): 2037µs, Servo B (100): 1613µs
2024-12-04 03:55:06,972 [DEBUG] Received message: Character: 4 -> Pattern: 110100 Servo A (110): 2037µs, Servo B (100): 1613µs
2024-12-04 03:55:06,988 [DEBUG] Pattern updated: 110100
2024-12-04 03:55:06,989 [DEBUG] Pulse width (bounded): 2037µs
2024-12-04 03:55:06,989 [DEBUG] Converted 2037µs to 138.3°
2024-12-04 03:55:06,989 [DEBUG] Pulse width (bounded): 1613µs
2024-12-04 03:55:06,989 [DEBUG] Converted 1613µs to 100.2°
2024-12-04 03:55:08,374 [DEBUG] Received: Character: 5 -> Pattern: 100100 Servo A (100): 1613µs, Servo B (100): 1613µs
2024-12-04 03:55:08,374 [DEBUG] Received message: Character: 5 -> Pattern: 100100 Servo A (100): 1613µs, Servo B (100): 1613µs
2024-12-04 03:55:08,377 [DEBUG] Pattern updated: 100100
2024-12-04 03:55:08,378 [DEBUG] Pulse width (bounded): 1613µs
2024-12-04 03:55:08,379 [DEBUG] Converted 1613µs to 100.2°
2024-12-04 03:55:08,379 [DEBUG] Pulse width (bounded): 1613µs
2024-12-04 03:55:08,379 [DEBUG] Converted 1613µs to 100.2°
2024-12-04 03:55:09,885 [DEBUG] Received: Character: 6 -> Pattern: 111000 Servo A (111): 2094µs, Servo B (0): 844µs
2024-12-04 03:55:09,886 [DEBUG] Received message: Character: 6 -> Pattern: 111000 Servo A (111): 2094µs, Servo B (0): 844µs
2024-12-04 03:55:09,887 [DEBUG] Pattern updated: 111000
2024-12-04 03:55:09,893 [DEBUG] Pulse width (bounded): 2094µs
2024-12-04 03:55:09,893 [DEBUG] Converted 2094µs to 143.5°
2024-12-04 03:55:09,893 [DEBUG] Pulse width (bounded): 844µs
2024-12-04 03:55:09,893 [DEBUG] Converted 844µs to 31.0°
2024-12-04 03:55:12,904 [DEBUG] Text command sent: TEXT:789
2024-12-04 03:55:12,932 [DEBUG] Received: Processing: 789
2024-12-04 03:55:12,932 [DEBUG] Received message: Processing: 789
2024-12-04 03:55:13,036 [DEBUG] Received: Character: 7 -> Pattern: 111100 Servo A (111): 2094µs, Servo B (100): 1613µs
2024-12-04 03:55:13,036 [DEBUG] Received message: Character: 7 -> Pattern: 111100 Servo A (111): 2094µs, Servo B (100): 1613µs
2024-12-04 03:55:13,037 [DEBUG] Pattern updated: 111100
2024-12-04 03:55:13,038 [DEBUG] Pulse width (bounded): 2094µs
2024-12-04 03:55:13,038 [DEBUG] Converted 2094µs to 143.5°
2024-12-04 03:55:13,038 [DEBUG] Pulse width (bounded): 1613µs
2024-12-04 03:55:13,038 [DEBUG] Converted 1613µs to 100.2°
2024-12-04 03:55:14,529 [DEBUG] Received: Character: 8 -> Pattern: 101100 Servo A (101): 1920µs, Servo B (100): 1613µs
2024-12-04 03:55:14,530 [DEBUG] Received message: Character: 8 -> Pattern: 101100 Servo A (101): 1920µs, Servo B (100): 1613µs
2024-12-04 03:55:14,531 [DEBUG] Pattern updated: 101100
2024-12-04 03:55:14,531 [DEBUG] Pulse width (bounded): 1920µs
2024-12-04 03:55:14,531 [DEBUG] Converted 1920µs to 127.8°
2024-12-04 03:55:14,531 [DEBUG] Pulse width (bounded): 1613µs
2024-12-04 03:55:14,531 [DEBUG] Converted 1613µs to 100.2°
2024-12-04 03:55:16,041 [DEBUG] Received: Character: 9 -> Pattern: 11000 Servo A (11): 1324µs, Servo B (0): 844µs
2024-12-04 03:55:16,041 [DEBUG] Received message: Character: 9 -> Pattern: 11000 Servo A (11): 1324µs, Servo B (0): 844µs
2024-12-04 03:55:16,041 [DEBUG] Pulse width (bounded): 1324µs
2024-12-04 03:55:16,041 [DEBUG] Converted 1324µs to 74.2°
2024-12-04 03:55:16,041 [DEBUG] Pulse width (bounded): 844µs
2024-12-04 03:55:16,041 [DEBUG] Converted 844µs to 31.0°
