2024-12-04 03:51:00,535 [INFO] Logging initialized
2024-12-04 03:51:00,535 [INFO] Starting Braille Controller Application
2024-12-04 03:51:00,656 [DEBUG] Configuration loaded from file
2024-12-04 03:51:00,656 [DEBUG] Configuration initialized
2024-12-04 03:51:00,663 [INFO] Available serial ports: ['/dev/cu.debug-console', '/dev/cu.Bluetooth-Incoming-Port', '/dev/cu.AlisJBLPARTYBOXON-THE-GO', '/dev/cu.usbmodem21101']
2024-12-04 03:51:00,663 [DEBUG] BrailleControllerGUI initialized
2024-12-04 03:51:00,663 [INFO] GUI initialized successfully
2024-12-04 03:51:00,663 [INFO] Application started - Log file: logs/braille_controller_20241204_035100.log
2024-12-04 03:51:05,866 [DEBUG] Configuration saved to file
2024-12-04 03:51:05,866 [DEBUG] Configuration updated: char_delay = 3000
2024-12-04 03:51:05,867 [DEBUG] Configuration saved to file
2024-12-04 03:51:05,868 [DEBUG] Configuration updated: servo_delay = 750
2024-12-04 03:51:05,868 [DEBUG] Configuration saved to file
2024-12-04 03:51:05,868 [DEBUG] Configuration updated: dual_servo_mode = True
2024-12-04 03:51:05,868 [DEBUG] Configuration saved to file
2024-12-04 03:51:05,868 [DEBUG] Configuration updated: debug_mode = False
2024-12-04 03:51:13,314 [ERROR] Send error: Not connected to device
2024-12-04 03:51:18,129 [INFO] Connected to /dev/cu.usbmodem21101
2024-12-04 03:51:18,134 [DEBUG] Received: Braille Servo Controller Ready
2024-12-04 03:51:18,134 [DEBUG] Received message: Braille Servo Controller Ready
2024-12-04 03:51:18,240 [DEBUG] Received: Enter text to convert to Braille
2024-12-04 03:51:18,240 [DEBUG] Received message: Enter text to convert to Braille
2024-12-04 03:51:19,264 [DEBUG] Text command sent: TEXT:123
2024-12-04 03:51:19,265 [DEBUG] Pattern updated: 000000
2024-12-04 03:51:19,265 [DEBUG] Pattern updated: 000000
2024-12-04 03:51:19,265 [DEBUG] Pattern updated: 000000
2024-12-04 03:51:19,294 [DEBUG] Received: Processing: 123
2024-12-04 03:51:19,294 [DEBUG] Received message: Processing: 123
2024-12-04 03:51:19,400 [DEBUG] Received: Character: 1 -> Pattern: 100000 Servo A (100): 1613µs, Servo B (0): 844µs
2024-12-04 03:51:19,400 [DEBUG] Received message: Character: 1 -> Pattern: 100000 Servo A (100): 1613µs, Servo B (0): 844µs
2024-12-04 03:51:19,400 [DEBUG] Pulse width (bounded): 1613µs
2024-12-04 03:51:19,400 [DEBUG] Converted 1613µs to 100.2°
2024-12-04 03:51:19,400 [DEBUG] Pulse width (bounded): 844µs
2024-12-04 03:51:19,400 [DEBUG] Converted 844µs to 31.0°
2024-12-04 03:51:19,402 [DEBUG] Pattern updated: 100000
2024-12-04 03:51:20,883 [DEBUG] Received: Character: 2 -> Pattern: 101000 Servo A (101): 1920µs, Servo B (0): 844µs
2024-12-04 03:51:20,883 [DEBUG] Received message: Character: 2 -> Pattern: 101000 Servo A (101): 1920µs, Servo B (0): 844µs
2024-12-04 03:51:20,884 [DEBUG] Pulse width (bounded): 1920µs
2024-12-04 03:51:20,884 [DEBUG] Converted 1920µs to 127.8°
2024-12-04 03:51:20,884 [DEBUG] Pulse width (bounded): 844µs
2024-12-04 03:51:20,884 [DEBUG] Converted 844µs to 31.0°
2024-12-04 03:51:20,895 [DEBUG] Pattern updated: 101000
2024-12-04 03:51:22,398 [DEBUG] Received: Character: 3 -> Pattern: 110000 Servo A (110): 2037µs, Servo B (0): 844µs
2024-12-04 03:51:22,398 [DEBUG] Received message: Character: 3 -> Pattern: 110000 Servo A (110): 2037µs, Servo B (0): 844µs
2024-12-04 03:51:22,398 [DEBUG] Pulse width (bounded): 2037µs
2024-12-04 03:51:22,399 [DEBUG] Converted 2037µs to 138.3°
2024-12-04 03:51:22,399 [DEBUG] Pulse width (bounded): 844µs
2024-12-04 03:51:22,399 [DEBUG] Converted 844µs to 31.0°
2024-12-04 03:51:22,399 [DEBUG] Pattern updated: 110000
2024-12-04 03:51:25,419 [DEBUG] Text command sent: TEXT:456
2024-12-04 03:51:25,450 [DEBUG] Received: Processing: 456
2024-12-04 03:51:25,450 [DEBUG] Received message: Processing: 456
2024-12-04 03:51:25,556 [DEBUG] Received: Character: 4 -> Pattern: 110100 Servo A (110): 2037µs, Servo B (100): 1613µs
2024-12-04 03:51:25,556 [DEBUG] Received message: Character: 4 -> Pattern: 110100 Servo A (110): 2037µs, Servo B (100): 1613µs
2024-12-04 03:51:25,556 [DEBUG] Pulse width (bounded): 2037µs
2024-12-04 03:51:25,557 [DEBUG] Converted 2037µs to 138.3°
2024-12-04 03:51:25,557 [DEBUG] Pulse width (bounded): 1613µs
2024-12-04 03:51:25,557 [DEBUG] Converted 1613µs to 100.2°
2024-12-04 03:51:25,574 [DEBUG] Pattern updated: 110100
2024-12-04 03:51:27,050 [DEBUG] Received: Character: 5 -> Pattern: 100100 Servo A (100): 1613µs, Servo B (100): 1613µs
2024-12-04 03:51:27,050 [DEBUG] Received message: Character: 5 -> Pattern: 100100 Servo A (100): 1613µs, Servo B (100): 1613µs
2024-12-04 03:51:27,051 [DEBUG] Pulse width (bounded): 1613µs
2024-12-04 03:51:27,051 [DEBUG] Converted 1613µs to 100.2°
2024-12-04 03:51:27,051 [DEBUG] Pulse width (bounded): 1613µs
2024-12-04 03:51:27,051 [DEBUG] Converted 1613µs to 100.2°
2024-12-04 03:51:27,052 [DEBUG] Pattern updated: 100100
2024-12-04 03:51:28,559 [DEBUG] Received: Character: 6 -> Pattern: 111000 Servo A (111): 2094µs, Servo B (0): 844µs
2024-12-04 03:51:28,559 [DEBUG] Received message: Character: 6 -> Pattern: 111000 Servo A (111): 2094µs, Servo B (0): 844µs
2024-12-04 03:51:28,559 [DEBUG] Pulse width (bounded): 2094µs
2024-12-04 03:51:28,559 [DEBUG] Converted 2094µs to 143.5°
2024-12-04 03:51:28,560 [DEBUG] Pulse width (bounded): 844µs
2024-12-04 03:51:28,560 [DEBUG] Converted 844µs to 31.0°
2024-12-04 03:51:28,561 [DEBUG] Pattern updated: 111000
2024-12-04 03:51:31,589 [DEBUG] Text command sent: TEXT:789
2024-12-04 03:51:31,618 [DEBUG] Received: Processing: 789
2024-12-04 03:51:31,618 [DEBUG] Received message: Processing: 789
2024-12-04 03:51:31,725 [DEBUG] Received: Character: 7 -> Pattern: 111100 Servo A (111): 2094µs, Servo B (100): 1613µs
2024-12-04 03:51:31,726 [DEBUG] Received message: Character: 7 -> Pattern: 111100 Servo A (111): 2094µs, Servo B (100): 1613µs
2024-12-04 03:51:31,726 [DEBUG] Pulse width (bounded): 2094µs
2024-12-04 03:51:31,726 [DEBUG] Converted 2094µs to 143.5°
2024-12-04 03:51:31,726 [DEBUG] Pulse width (bounded): 1613µs
2024-12-04 03:51:31,726 [DEBUG] Converted 1613µs to 100.2°
2024-12-04 03:51:31,743 [DEBUG] Pattern updated: 111100
2024-12-04 03:51:33,225 [DEBUG] Received: Character: 8 -> Pattern: 101100 Servo A (101): 1920µs, Servo B (100): 1613µs
2024-12-04 03:51:33,226 [DEBUG] Received message: Character: 8 -> Pattern: 101100 Servo A (101): 1920µs, Servo B (100): 1613µs
2024-12-04 03:51:33,226 [DEBUG] Pulse width (bounded): 1920µs
2024-12-04 03:51:33,226 [DEBUG] Converted 1920µs to 127.8°
2024-12-04 03:51:33,226 [DEBUG] Pulse width (bounded): 1613µs
2024-12-04 03:51:33,226 [DEBUG] Converted 1613µs to 100.2°
2024-12-04 03:51:33,242 [DEBUG] Pattern updated: 101100
2024-12-04 03:51:34,727 [DEBUG] Received: Character: 9 -> Pattern: 11000 Servo A (11): 1324µs, Servo B (0): 844µs
2024-12-04 03:51:34,727 [DEBUG] Received message: Character: 9 -> Pattern: 11000 Servo A (11): 1324µs, Servo B (0): 844µs
2024-12-04 03:51:34,727 [DEBUG] Pulse width (bounded): 1324µs
2024-12-04 03:51:34,727 [DEBUG] Converted 1324µs to 74.2°
2024-12-04 03:51:34,728 [DEBUG] Pulse width (bounded): 844µs
2024-12-04 03:51:34,728 [DEBUG] Converted 844µs to 31.0°
2024-12-04 03:53:16,003 [INFO] Serial connection closed
2024-12-04 03:53:16,008 [INFO] Application shutdown complete
