2024-12-04 03:43:29,314 [INFO] Logging initialized
2024-12-04 03:43:29,314 [INFO] Starting Braille Controller Application
2024-12-04 03:43:29,438 [DEBUG] Configuration loaded from file
2024-12-04 03:43:29,438 [DEBUG] Configuration initialized
2024-12-04 03:43:29,445 [INFO] Available serial ports: ['/dev/cu.debug-console', '/dev/cu.Bluetooth-Incoming-Port', '/dev/cu.AlisJBLPARTYBOXON-THE-GO', '/dev/cu.usbmodem21101']
2024-12-04 03:43:29,445 [DEBUG] BrailleControllerGUI initialized
2024-12-04 03:43:29,445 [INFO] GUI initialized successfully
2024-12-04 03:43:29,445 [INFO] Application started - Log file: logs/braille_controller_20241204_034329.log
2024-12-04 03:43:37,451 [ERROR] Send error: Not connected to device
2024-12-04 03:43:42,551 [INFO] Connected to /dev/cu.usbmodem21101
2024-12-04 03:43:42,554 [DEBUG] Received: Braille Servo Controller Ready
2024-12-04 03:43:42,555 [DEBUG] Received message: Braille Servo Controller Ready
2024-12-04 03:43:42,660 [DEBUG] Received: Enter text to convert to Braille
2024-12-04 03:43:42,660 [DEBUG] Received message: Enter text to convert to Braille
2024-12-04 03:43:43,517 [DEBUG] Text command sent: TEXT:1
2024-12-04 03:43:43,517 [DEBUG] Pattern updated: 000000
2024-12-04 03:43:43,602 [DEBUG] Received: Processing: 1
2024-12-04 03:43:43,602 [DEBUG] Received message: Processing: 1
2024-12-04 03:43:43,707 [DEBUG] Received: Character: 1 -> Pattern: 100000 Servo A (100): 1613µs, Servo B (0): 844µs
2024-12-04 03:43:43,707 [DEBUG] Received message: Character: 1 -> Pattern: 100000 Servo A (100): 1613µs, Servo B (0): 844µs
2024-12-04 03:43:43,708 [DEBUG] Pattern updated: 100000
2024-12-04 03:43:43,709 [DEBUG] Pulse width (bounded): 1613µs
2024-12-04 03:43:43,709 [DEBUG] Converted 1613µs to 100.2°
2024-12-04 03:43:43,709 [DEBUG] Pulse width (bounded): 844µs
2024-12-04 03:43:43,709 [DEBUG] Converted 844µs to 31.0°
2024-12-04 03:43:48,722 [DEBUG] Text command sent: TEXT:2
2024-12-04 03:43:48,812 [DEBUG] Received: Processing: 2
2024-12-04 03:43:48,813 [DEBUG] Received message: Processing: 2
2024-12-04 03:43:48,917 [DEBUG] Received: Character: 2 -> Pattern: 101000 Servo A (101): 1920µs, Servo B (0): 844µs
2024-12-04 03:43:48,917 [DEBUG] Received message: Character: 2 -> Pattern: 101000 Servo A (101): 1920µs, Servo B (0): 844µs
2024-12-04 03:43:48,920 [DEBUG] Pattern updated: 101000
2024-12-04 03:43:48,921 [DEBUG] Pulse width (bounded): 1920µs
2024-12-04 03:43:48,921 [DEBUG] Converted 1920µs to 127.8°
2024-12-04 03:43:48,922 [DEBUG] Pulse width (bounded): 844µs
2024-12-04 03:43:48,922 [DEBUG] Converted 844µs to 31.0°
2024-12-04 03:43:53,954 [DEBUG] Text command sent: TEXT:3
2024-12-04 03:43:54,055 [DEBUG] Received: Processing: 3
2024-12-04 03:43:54,055 [DEBUG] Received message: Processing: 3
2024-12-04 03:43:54,161 [DEBUG] Received: Character: 3 -> Pattern: 110000 Servo A (110): 2037µs, Servo B (0): 844µs
2024-12-04 03:43:54,161 [DEBUG] Received message: Character: 3 -> Pattern: 110000 Servo A (110): 2037µs, Servo B (0): 844µs
2024-12-04 03:43:54,174 [DEBUG] Pattern updated: 110000
2024-12-04 03:43:54,175 [DEBUG] Pulse width (bounded): 2037µs
2024-12-04 03:43:54,175 [DEBUG] Converted 2037µs to 138.3°
2024-12-04 03:43:54,175 [DEBUG] Pulse width (bounded): 844µs
2024-12-04 03:43:54,175 [DEBUG] Converted 844µs to 31.0°
2024-12-04 03:43:59,191 [DEBUG] Text command sent: TEXT:4
2024-12-04 03:43:59,272 [DEBUG] Received: Processing: 4
2024-12-04 03:43:59,273 [DEBUG] Received message: Processing: 4
2024-12-04 03:43:59,376 [DEBUG] Received: Character: 4 -> Pattern: 110100 Servo A (110): 2037µs, Servo B (100): 1613µs
2024-12-04 03:43:59,377 [DEBUG] Received message: Character: 4 -> Pattern: 110100 Servo A (110): 2037µs, Servo B (100): 1613µs
2024-12-04 03:43:59,379 [DEBUG] Pattern updated: 110100
2024-12-04 03:43:59,380 [DEBUG] Pulse width (bounded): 2037µs
2024-12-04 03:43:59,380 [DEBUG] Converted 2037µs to 138.3°
2024-12-04 03:43:59,380 [DEBUG] Pulse width (bounded): 1613µs
2024-12-04 03:43:59,380 [DEBUG] Converted 1613µs to 100.2°
2024-12-04 03:44:04,405 [DEBUG] Text command sent: TEXT:5
2024-12-04 03:44:04,475 [DEBUG] Received: Processing: 5
2024-12-04 03:44:04,475 [DEBUG] Received message: Processing: 5
2024-12-04 03:44:04,578 [DEBUG] Received: Character: 5 -> Pattern: 100100 Servo A (100): 1613µs, Servo B (100): 1613µs
2024-12-04 03:44:04,579 [DEBUG] Received message: Character: 5 -> Pattern: 100100 Servo A (100): 1613µs, Servo B (100): 1613µs
2024-12-04 03:44:04,593 [DEBUG] Pattern updated: 100100
2024-12-04 03:44:04,593 [DEBUG] Pulse width (bounded): 1613µs
2024-12-04 03:44:04,594 [DEBUG] Converted 1613µs to 100.2°
2024-12-04 03:44:04,594 [DEBUG] Pulse width (bounded): 1613µs
2024-12-04 03:44:04,594 [DEBUG] Converted 1613µs to 100.2°
2024-12-04 03:44:09,620 [DEBUG] Text command sent: TEXT:6
2024-12-04 03:44:09,679 [DEBUG] Received: Processing: 6
2024-12-04 03:44:09,679 [DEBUG] Received message: Processing: 6
2024-12-04 03:44:09,784 [DEBUG] Received: Character: 6 -> Pattern: 111000 Servo A (111): 2094µs, Servo B (0): 844µs
2024-12-04 03:44:09,785 [DEBUG] Received message: Character: 6 -> Pattern: 111000 Servo A (111): 2094µs, Servo B (0): 844µs
2024-12-04 03:44:09,786 [DEBUG] Pattern updated: 111000
2024-12-04 03:44:09,786 [DEBUG] Pulse width (bounded): 2094µs
2024-12-04 03:44:09,786 [DEBUG] Converted 2094µs to 143.5°
2024-12-04 03:44:09,786 [DEBUG] Pulse width (bounded): 844µs
2024-12-04 03:44:09,786 [DEBUG] Converted 844µs to 31.0°
2024-12-04 03:44:14,815 [DEBUG] Text command sent: TEXT:7
2024-12-04 03:44:14,920 [DEBUG] Received: Processing: 7
2024-12-04 03:44:14,921 [DEBUG] Received message: Processing: 7
2024-12-04 03:44:15,023 [DEBUG] Received: Character: 7 -> Pattern: 111100 Servo A (111): 2094µs, Servo B (100): 1613µs
2024-12-04 03:44:15,023 [DEBUG] Received message: Character: 7 -> Pattern: 111100 Servo A (111): 2094µs, Servo B (100): 1613µs
2024-12-04 03:44:15,027 [DEBUG] Pattern updated: 111100
2024-12-04 03:44:15,027 [DEBUG] Pulse width (bounded): 2094µs
2024-12-04 03:44:15,027 [DEBUG] Converted 2094µs to 143.5°
2024-12-04 03:44:15,028 [DEBUG] Pulse width (bounded): 1613µs
2024-12-04 03:44:15,028 [DEBUG] Converted 1613µs to 100.2°
2024-12-04 03:44:20,049 [DEBUG] Text command sent: TEXT:8
2024-12-04 03:44:20,137 [DEBUG] Received: Processing: 8
2024-12-04 03:44:20,138 [DEBUG] Received message: Processing: 8
2024-12-04 03:44:20,240 [DEBUG] Received: Character: 8 -> Pattern: 101100 Servo A (101): 1920µs, Servo B (100): 1613µs
2024-12-04 03:44:20,240 [DEBUG] Received message: Character: 8 -> Pattern: 101100 Servo A (101): 1920µs, Servo B (100): 1613µs
2024-12-04 03:44:20,241 [DEBUG] Pattern updated: 101100
2024-12-04 03:44:20,241 [DEBUG] Pulse width (bounded): 1920µs
2024-12-04 03:44:20,241 [DEBUG] Converted 1920µs to 127.8°
2024-12-04 03:44:20,241 [DEBUG] Pulse width (bounded): 1613µs
2024-12-04 03:44:20,241 [DEBUG] Converted 1613µs to 100.2°
2024-12-04 03:44:25,253 [DEBUG] Text command sent: TEXT:9
2024-12-04 03:44:25,332 [DEBUG] Received: Processing: 9
2024-12-04 03:44:25,332 [DEBUG] Received message: Processing: 9
2024-12-04 03:44:25,438 [DEBUG] Received: Character: 9 -> Pattern: 11000 Servo A (11): 1324µs, Servo B (0): 844µs
2024-12-04 03:44:25,438 [DEBUG] Received message: Character: 9 -> Pattern: 11000 Servo A (11): 1324µs, Servo B (0): 844µs
2024-12-04 03:44:25,438 [DEBUG] Pulse width (bounded): 1324µs
2024-12-04 03:44:25,438 [DEBUG] Converted 1324µs to 74.2°
2024-12-04 03:44:25,438 [DEBUG] Pulse width (bounded): 844µs
2024-12-04 03:44:25,438 [DEBUG] Converted 844µs to 31.0°
2024-12-04 03:44:30,452 [DEBUG] Text command sent: TEXT:1
2024-12-04 03:44:30,533 [DEBUG] Received: Processing: 1
2024-12-04 03:44:30,533 [DEBUG] Received message: Processing: 1
2024-12-04 03:44:30,635 [DEBUG] Received: Character: 1 -> Pattern: 100000 Servo A (100): 1613µs, Servo B (0): 844µs
2024-12-04 03:44:30,635 [DEBUG] Received message: Character: 1 -> Pattern: 100000 Servo A (100): 1613µs, Servo B (0): 844µs
2024-12-04 03:44:30,637 [DEBUG] Pattern updated: 100000
2024-12-04 03:44:30,638 [DEBUG] Pulse width (bounded): 1613µs
2024-12-04 03:44:30,638 [DEBUG] Converted 1613µs to 100.2°
2024-12-04 03:44:30,638 [DEBUG] Pulse width (bounded): 844µs
2024-12-04 03:44:30,638 [DEBUG] Converted 844µs to 31.0°
2024-12-04 03:44:35,852 [DEBUG] Text command sent: TEXT:2
2024-12-04 03:44:35,952 [DEBUG] Received: Processing: 2
2024-12-04 03:44:35,953 [DEBUG] Received message: Processing: 2
2024-12-04 03:44:36,058 [DEBUG] Received: Character: 2 -> Pattern: 101000 Servo A (101): 1920µs, Servo B (0): 844µs
2024-12-04 03:44:36,059 [DEBUG] Received message: Character: 2 -> Pattern: 101000 Servo A (101): 1920µs, Servo B (0): 844µs
2024-12-04 03:44:36,060 [DEBUG] Pattern updated: 101000
2024-12-04 03:44:36,061 [DEBUG] Pulse width (bounded): 1920µs
2024-12-04 03:44:36,061 [DEBUG] Converted 1920µs to 127.8°
2024-12-04 03:44:36,061 [DEBUG] Pulse width (bounded): 844µs
2024-12-04 03:44:36,061 [DEBUG] Converted 844µs to 31.0°
2024-12-04 03:44:41,091 [DEBUG] Text command sent: TEXT:3
2024-12-04 03:44:41,149 [DEBUG] Received: Processing: 3
2024-12-04 03:44:41,150 [DEBUG] Received message: Processing: 3
2024-12-04 03:44:41,256 [DEBUG] Received: Character: 3 -> Pattern: 110000 Servo A (110): 2037µs, Servo B (0): 844µs
2024-12-04 03:44:41,256 [DEBUG] Received message: Character: 3 -> Pattern: 110000 Servo A (110): 2037µs, Servo B (0): 844µs
2024-12-04 03:44:41,258 [DEBUG] Pattern updated: 110000
2024-12-04 03:44:41,259 [DEBUG] Pulse width (bounded): 2037µs
2024-12-04 03:44:41,259 [DEBUG] Converted 2037µs to 138.3°
2024-12-04 03:44:41,259 [DEBUG] Pulse width (bounded): 844µs
2024-12-04 03:44:41,259 [DEBUG] Converted 844µs to 31.0°
2024-12-04 03:44:57,837 [DEBUG] Text command sent: TEXT:abc
2024-12-04 03:44:57,837 [DEBUG] Pattern updated: 000000
2024-12-04 03:44:57,838 [DEBUG] Pattern updated: 000000
2024-12-04 03:44:57,838 [DEBUG] Pattern updated: 000000
2024-12-04 03:44:57,929 [DEBUG] Received: Processing: abc
2024-12-04 03:44:57,930 [DEBUG] Received message: Processing: abc
2024-12-04 03:44:58,033 [DEBUG] Received: Character: a -> Pattern: 100000 Servo A (100): 1613µs, Servo B (0): 844µs
2024-12-04 03:44:58,037 [DEBUG] Received message: Character: a -> Pattern: 100000 Servo A (100): 1613µs, Servo B (0): 844µs
2024-12-04 03:44:58,052 [DEBUG] Pattern updated: 100000
2024-12-04 03:44:58,053 [DEBUG] Pulse width (bounded): 1613µs
2024-12-04 03:44:58,053 [DEBUG] Converted 1613µs to 100.2°
2024-12-04 03:44:58,053 [DEBUG] Pulse width (bounded): 844µs
2024-12-04 03:44:58,053 [DEBUG] Converted 844µs to 31.0°
2024-12-04 03:44:59,457 [DEBUG] Received: Character: b -> Pattern: 101000 Servo A (101): 1920µs, Servo B (0): 844µs
2024-12-04 03:44:59,457 [DEBUG] Received message: Character: b -> Pattern: 101000 Servo A (101): 1920µs, Servo B (0): 844µs
2024-12-04 03:44:59,458 [DEBUG] Pattern updated: 101000
2024-12-04 03:44:59,458 [DEBUG] Pulse width (bounded): 1920µs
2024-12-04 03:44:59,459 [DEBUG] Converted 1920µs to 127.8°
2024-12-04 03:44:59,459 [DEBUG] Pulse width (bounded): 844µs
2024-12-04 03:44:59,459 [DEBUG] Converted 844µs to 31.0°
2024-12-04 03:45:00,968 [DEBUG] Received: Character: c -> Pattern: 110000 Servo A (110): 2037µs, Servo B (0): 844µs
2024-12-04 03:45:00,968 [DEBUG] Received message: Character: c -> Pattern: 110000 Servo A (110): 2037µs, Servo B (0): 844µs
2024-12-04 03:45:00,969 [DEBUG] Pattern updated: 110000
2024-12-04 03:45:00,969 [DEBUG] Pulse width (bounded): 2037µs
2024-12-04 03:45:00,969 [DEBUG] Converted 2037µs to 138.3°
2024-12-04 03:45:00,970 [DEBUG] Pulse width (bounded): 844µs
2024-12-04 03:45:00,970 [DEBUG] Converted 844µs to 31.0°
2024-12-04 03:45:05,996 [DEBUG] Text command sent: TEXT:def
2024-12-04 03:45:06,102 [DEBUG] Received: Processing: def
2024-12-04 03:45:06,103 [DEBUG] Received message: Processing: def
2024-12-04 03:45:06,209 [DEBUG] Received: Character: d -> Pattern: 110100 Servo A (110): 2037µs, Servo B (100): 1613µs
2024-12-04 03:45:06,210 [DEBUG] Received message: Character: d -> Pattern: 110100 Servo A (110): 2037µs, Servo B (100): 1613µs
2024-12-04 03:45:06,212 [DEBUG] Pattern updated: 110100
2024-12-04 03:45:06,213 [DEBUG] Pulse width (bounded): 2037µs
2024-12-04 03:45:06,213 [DEBUG] Converted 2037µs to 138.3°
2024-12-04 03:45:06,213 [DEBUG] Pulse width (bounded): 1613µs
2024-12-04 03:45:06,213 [DEBUG] Converted 1613µs to 100.2°
2024-12-04 03:45:07,624 [DEBUG] Received: Character: e -> Pattern: 100100 Servo A (100): 1613µs, Servo B (100): 1613µs
2024-12-04 03:45:07,624 [DEBUG] Received message: Character: e -> Pattern: 100100 Servo A (100): 1613µs, Servo B (100): 1613µs
2024-12-04 03:45:07,626 [DEBUG] Pattern updated: 100100
2024-12-04 03:45:07,627 [DEBUG] Pulse width (bounded): 1613µs
2024-12-04 03:45:07,627 [DEBUG] Converted 1613µs to 100.2°
2024-12-04 03:45:07,627 [DEBUG] Pulse width (bounded): 1613µs
2024-12-04 03:45:07,627 [DEBUG] Converted 1613µs to 100.2°
2024-12-04 03:45:09,135 [DEBUG] Received: Character: f -> Pattern: 111000 Servo A (111): 2094µs, Servo B (0): 844µs
2024-12-04 03:45:09,135 [DEBUG] Received message: Character: f -> Pattern: 111000 Servo A (111): 2094µs, Servo B (0): 844µs
2024-12-04 03:45:09,136 [DEBUG] Pattern updated: 111000
2024-12-04 03:45:09,136 [DEBUG] Pulse width (bounded): 2094µs
2024-12-04 03:45:09,136 [DEBUG] Converted 2094µs to 143.5°
2024-12-04 03:45:09,136 [DEBUG] Pulse width (bounded): 844µs
2024-12-04 03:45:09,136 [DEBUG] Converted 844µs to 31.0°
2024-12-04 03:45:14,152 [DEBUG] Text command sent: TEXT:ghi
2024-12-04 03:45:14,224 [DEBUG] Received: Processing: ghi
2024-12-04 03:45:14,224 [DEBUG] Received message: Processing: ghi
2024-12-04 03:45:14,330 [DEBUG] Received: Character: g -> Pattern: 111100 Servo A (111): 2094µs, Servo B (100): 1613µs
2024-12-04 03:45:14,330 [DEBUG] Received message: Character: g -> Pattern: 111100 Servo A (111): 2094µs, Servo B (100): 1613µs
2024-12-04 03:45:14,336 [DEBUG] Pattern updated: 111100
2024-12-04 03:45:14,336 [DEBUG] Pulse width (bounded): 2094µs
2024-12-04 03:45:14,336 [DEBUG] Converted 2094µs to 143.5°
2024-12-04 03:45:14,336 [DEBUG] Pulse width (bounded): 1613µs
2024-12-04 03:45:14,336 [DEBUG] Converted 1613µs to 100.2°
2024-12-04 03:45:15,778 [DEBUG] Received: Character: h -> Pattern: 101100 Servo A (101): 1920µs, Servo B (100): 1613µs
2024-12-04 03:45:15,778 [DEBUG] Received message: Character: h -> Pattern: 101100 Servo A (101): 1920µs, Servo B (100): 1613µs
2024-12-04 03:45:15,779 [DEBUG] Pattern updated: 101100
2024-12-04 03:45:15,779 [DEBUG] Pulse width (bounded): 1920µs
2024-12-04 03:45:15,779 [DEBUG] Converted 1920µs to 127.8°
2024-12-04 03:45:15,779 [DEBUG] Pulse width (bounded): 1613µs
2024-12-04 03:45:15,779 [DEBUG] Converted 1613µs to 100.2°
2024-12-04 03:45:17,289 [DEBUG] Received: Character: i -> Pattern: 11000 Servo A (11): 1324µs, Servo B (0): 844µs
2024-12-04 03:45:17,290 [DEBUG] Received message: Character: i -> Pattern: 11000 Servo A (11): 1324µs, Servo B (0): 844µs
2024-12-04 03:45:17,290 [DEBUG] Pulse width (bounded): 1324µs
2024-12-04 03:45:17,291 [DEBUG] Converted 1324µs to 74.2°
2024-12-04 03:45:17,291 [DEBUG] Pulse width (bounded): 844µs
2024-12-04 03:45:17,291 [DEBUG] Converted 844µs to 31.0°
2024-12-04 03:45:22,333 [DEBUG] Text command sent: TEXT:jk
2024-12-04 03:45:22,421 [DEBUG] Received: Processing: jk
2024-12-04 03:45:22,421 [DEBUG] Received message: Processing: jk
2024-12-04 03:45:22,528 [DEBUG] Received: Character: j -> Pattern: 11100 Servo A (11): 1324µs, Servo B (100): 1613µs
2024-12-04 03:45:22,528 [DEBUG] Received message: Character: j -> Pattern: 11100 Servo A (11): 1324µs, Servo B (100): 1613µs
2024-12-04 03:45:22,528 [DEBUG] Pulse width (bounded): 1324µs
2024-12-04 03:45:22,528 [DEBUG] Converted 1324µs to 74.2°
2024-12-04 03:45:22,529 [DEBUG] Pulse width (bounded): 1613µs
2024-12-04 03:45:22,529 [DEBUG] Converted 1613µs to 100.2°
2024-12-04 03:45:23,953 [DEBUG] Received: Character: k -> Pattern: 100010 Servo A (100): 1613µs, Servo B (10): 1268µs
2024-12-04 03:45:23,953 [DEBUG] Received message: Character: k -> Pattern: 100010 Servo A (100): 1613µs, Servo B (10): 1268µs
2024-12-04 03:45:23,954 [DEBUG] Pattern updated: 100010
2024-12-04 03:45:23,954 [DEBUG] Pulse width (bounded): 1613µs
2024-12-04 03:45:23,954 [DEBUG] Converted 1613µs to 100.2°
2024-12-04 03:45:23,954 [DEBUG] Pulse width (bounded): 1268µs
2024-12-04 03:45:23,954 [DEBUG] Converted 1268µs to 69.1°
2024-12-04 03:45:44,285 [DEBUG] Configuration saved to file
2024-12-04 03:45:44,285 [DEBUG] Configuration updated: char_delay = 3000
2024-12-04 03:45:44,285 [DEBUG] Configuration saved to file
2024-12-04 03:45:44,286 [DEBUG] Configuration updated: servo_delay = 750
2024-12-04 03:45:44,286 [DEBUG] Configuration saved to file
2024-12-04 03:45:44,286 [DEBUG] Configuration updated: dual_servo_mode = True
2024-12-04 03:45:44,286 [DEBUG] Configuration saved to file
2024-12-04 03:45:44,286 [DEBUG] Configuration updated: debug_mode = False
2024-12-04 03:45:48,912 [DEBUG] Text command sent: TEXT:123
2024-12-04 03:45:48,913 [DEBUG] Pattern updated: 000000
2024-12-04 03:45:48,913 [DEBUG] Pattern updated: 000000
2024-12-04 03:45:48,913 [DEBUG] Pattern updated: 000000
2024-12-04 03:45:48,989 [DEBUG] Received: Processing: 123
2024-12-04 03:45:48,989 [DEBUG] Received message: Processing: 123
2024-12-04 03:45:49,094 [DEBUG] Received: Character: 1 -> Pattern: 100000 Servo A (100): 1613µs, Servo B (0): 844µs
2024-12-04 03:45:49,094 [DEBUG] Received message: Character: 1 -> Pattern: 100000 Servo A (100): 1613µs, Servo B (0): 844µs
2024-12-04 03:45:49,095 [DEBUG] Pattern updated: 100000
2024-12-04 03:45:49,095 [DEBUG] Pulse width (bounded): 1613µs
2024-12-04 03:45:49,095 [DEBUG] Converted 1613µs to 100.2°
2024-12-04 03:45:49,095 [DEBUG] Pulse width (bounded): 844µs
2024-12-04 03:45:49,095 [DEBUG] Converted 844µs to 31.0°
2024-12-04 03:45:50,549 [DEBUG] Received: Character: 2 -> Pattern: 101000 Servo A (101): 1920µs, Servo B (0): 844µs
2024-12-04 03:45:50,550 [DEBUG] Received message: Character: 2 -> Pattern: 101000 Servo A (101): 1920µs, Servo B (0): 844µs
2024-12-04 03:45:50,551 [DEBUG] Pattern updated: 101000
2024-12-04 03:45:50,552 [DEBUG] Pulse width (bounded): 1920µs
2024-12-04 03:45:50,552 [DEBUG] Converted 1920µs to 127.8°
2024-12-04 03:45:50,552 [DEBUG] Pulse width (bounded): 844µs
2024-12-04 03:45:50,552 [DEBUG] Converted 844µs to 31.0°
2024-12-04 03:45:52,044 [DEBUG] Received: Character: 3 -> Pattern: 110000 Servo A (110): 2037µs, Servo B (0): 844µs
2024-12-04 03:45:52,045 [DEBUG] Received message: Character: 3 -> Pattern: 110000 Servo A (110): 2037µs, Servo B (0): 844µs
2024-12-04 03:45:52,075 [DEBUG] Pattern updated: 110000
2024-12-04 03:45:52,076 [DEBUG] Pulse width (bounded): 2037µs
2024-12-04 03:45:52,076 [DEBUG] Converted 2037µs to 138.3°
2024-12-04 03:45:52,076 [DEBUG] Pulse width (bounded): 844µs
2024-12-04 03:45:52,076 [DEBUG] Converted 844µs to 31.0°
2024-12-04 03:45:55,104 [DEBUG] Text command sent: TEXT:456
2024-12-04 03:45:55,208 [DEBUG] Received: Processing: 456
2024-12-04 03:45:55,209 [DEBUG] Received message: Processing: 456
2024-12-04 03:45:55,314 [DEBUG] Received: Character: 4 -> Pattern: 110100 Servo A (110): 2037µs, Servo B (100): 1613µs
2024-12-04 03:45:55,314 [DEBUG] Received message: Character: 4 -> Pattern: 110100 Servo A (110): 2037µs, Servo B (100): 1613µs
2024-12-04 03:45:55,315 [DEBUG] Pattern updated: 110100
2024-12-04 03:45:55,316 [DEBUG] Pulse width (bounded): 2037µs
2024-12-04 03:45:55,316 [DEBUG] Converted 2037µs to 138.3°
2024-12-04 03:45:55,316 [DEBUG] Pulse width (bounded): 1613µs
2024-12-04 03:45:55,316 [DEBUG] Converted 1613µs to 100.2°
2024-12-04 03:45:56,731 [DEBUG] Received: Character: 5 -> Pattern: 100100 Servo A (100): 1613µs, Servo B (100): 1613µs
2024-12-04 03:45:56,732 [DEBUG] Received message: Character: 5 -> Pattern: 100100 Servo A (100): 1613µs, Servo B (100): 1613µs
2024-12-04 03:45:56,765 [DEBUG] Pattern updated: 100100
2024-12-04 03:45:56,765 [DEBUG] Pulse width (bounded): 1613µs
2024-12-04 03:45:56,766 [DEBUG] Converted 1613µs to 100.2°
2024-12-04 03:45:56,766 [DEBUG] Pulse width (bounded): 1613µs
2024-12-04 03:45:56,766 [DEBUG] Converted 1613µs to 100.2°
2024-12-04 03:45:58,241 [DEBUG] Received: Character: 6 -> Pattern: 111000 Servo A (111): 2094µs, Servo B (0): 844µs
2024-12-04 03:45:58,242 [DEBUG] Received message: Character: 6 -> Pattern: 111000 Servo A (111): 2094µs, Servo B (0): 844µs
2024-12-04 03:45:58,275 [DEBUG] Pattern updated: 111000
2024-12-04 03:45:58,276 [DEBUG] Pulse width (bounded): 2094µs
2024-12-04 03:45:58,276 [DEBUG] Converted 2094µs to 143.5°
2024-12-04 03:45:58,276 [DEBUG] Pulse width (bounded): 844µs
2024-12-04 03:45:58,276 [DEBUG] Converted 844µs to 31.0°
2024-12-04 03:46:01,295 [DEBUG] Text command sent: TEXT:789
2024-12-04 03:46:01,343 [DEBUG] Received: Processing: 789
2024-12-04 03:46:01,343 [DEBUG] Received message: Processing: 789
2024-12-04 03:46:01,449 [DEBUG] Received: Character: 7 -> Pattern: 111100 Servo A (111): 2094µs, Servo B (100): 1613µs
2024-12-04 03:46:01,450 [DEBUG] Received message: Character: 7 -> Pattern: 111100 Servo A (111): 2094µs, Servo B (100): 1613µs
2024-12-04 03:46:01,482 [DEBUG] Pattern updated: 111100
2024-12-04 03:46:01,482 [DEBUG] Pulse width (bounded): 2094µs
2024-12-04 03:46:01,482 [DEBUG] Converted 2094µs to 143.5°
2024-12-04 03:46:01,482 [DEBUG] Pulse width (bounded): 1613µs
2024-12-04 03:46:01,482 [DEBUG] Converted 1613µs to 100.2°
2024-12-04 03:46:02,942 [DEBUG] Received: Character: 8 -> Pattern: 101100 Servo A (101): 1920µs, Servo B (100): 1613µs
2024-12-04 03:46:02,943 [DEBUG] Received message: Character: 8 -> Pattern: 101100 Servo A (101): 1920µs, Servo B (100): 1613µs
2024-12-04 03:46:02,944 [DEBUG] Pattern updated: 101100
2024-12-04 03:46:02,946 [DEBUG] Pulse width (bounded): 1920µs
2024-12-04 03:46:02,946 [DEBUG] Converted 1920µs to 127.8°
2024-12-04 03:46:02,946 [DEBUG] Pulse width (bounded): 1613µs
2024-12-04 03:46:02,946 [DEBUG] Converted 1613µs to 100.2°
2024-12-04 03:46:04,433 [DEBUG] Received: Character: 9 -> Pattern: 11000 Servo A (11): 1324µs, Servo B (0): 844µs
2024-12-04 03:46:04,434 [DEBUG] Received message: Character: 9 -> Pattern: 11000 Servo A (11): 1324µs, Servo B (0): 844µs
2024-12-04 03:46:04,434 [DEBUG] Pulse width (bounded): 1324µs
2024-12-04 03:46:04,434 [DEBUG] Converted 1324µs to 74.2°
2024-12-04 03:46:04,434 [DEBUG] Pulse width (bounded): 844µs
2024-12-04 03:46:04,434 [DEBUG] Converted 844µs to 31.0°
2024-12-04 03:47:07,830 [INFO] Serial connection closed
2024-12-04 03:47:07,842 [INFO] Application shutdown complete
