2024-12-04 02:17:45,185 [INFO] Logging initialized
2024-12-04 02:17:45,185 [INFO] Starting Braille Controller Application
2024-12-04 02:17:45,324 [DEBUG] Configuration loaded from file
2024-12-04 02:17:45,324 [DEBUG] Configuration initialized
2024-12-04 02:17:45,329 [DEBUG] Drawing servo at angle: 0°
2024-12-04 02:17:45,330 [DEBUG] Drawing servo at angle: 0°
2024-12-04 02:17:45,331 [INFO] Available serial ports: ['/dev/cu.debug-console', '/dev/cu.Bluetooth-Incoming-Port', '/dev/cu.AlisJBLPARTYBOXON-THE-GO', '/dev/cu.usbmodem21101']
2024-12-04 02:17:45,332 [DEBUG] BrailleControllerGUI initialized
2024-12-04 02:17:45,332 [INFO] GUI initialized successfully
2024-12-04 02:17:45,332 [INFO] Application started - Log file: logs/braille_controller_20241204_021745.log
2024-12-04 02:17:54,597 [INFO] Connected to /dev/cu.usbmodem21101
2024-12-04 02:17:54,601 [DEBUG] Received: Braille Servo Controller Ready
2024-12-04 02:17:54,601 [DEBUG] Received message: Braille Servo Controller Ready
2024-12-04 02:17:54,707 [DEBUG] Received: Enter text to convert to Braille
2024-12-04 02:17:54,707 [DEBUG] Received message: Enter text to convert to Braille
2024-12-04 02:17:59,879 [DEBUG] Text command sent: TEXT:Bekheet
2024-12-04 02:17:59,918 [DEBUG] Received: Processing: Bekheet
2024-12-04 02:17:59,918 [DEBUG] Received message: Processing: Bekheet
2024-12-04 02:18:00,020 [DEBUG] Received: Character: b -> Pattern: 101000 Servo A (101): 1920µs, Servo B (0): 844µs
2024-12-04 02:18:00,020 [DEBUG] Received message: Character: b -> Pattern: 101000 Servo A (101): 1920µs, Servo B (0): 844µs
2024-12-04 02:18:00,036 [DEBUG] Pattern updated: 101000
2024-12-04 02:18:01,511 [DEBUG] Received: Character: e -> Pattern: 100100 Servo A (100): 1613µs, Servo B (100): 1613µs
2024-12-04 02:18:01,512 [DEBUG] Received message: Character: e -> Pattern: 100100 Servo A (100): 1613µs, Servo B (100): 1613µs
2024-12-04 02:18:01,514 [DEBUG] Pattern updated: 100100
2024-12-04 02:18:03,027 [DEBUG] Received: Character: k -> Pattern: 100010 Servo A (100): 1613µs, Servo B (10): 1268µs
2024-12-04 02:18:03,028 [DEBUG] Received message: Character: k -> Pattern: 100010 Servo A (100): 1613µs, Servo B (10): 1268µs
2024-12-04 02:18:03,031 [DEBUG] Pattern updated: 100010
2024-12-04 02:18:04,539 [DEBUG] Received: Character: h -> Pattern: 101100 Servo A (101): 1920µs, Servo B (100): 1613µs
2024-12-04 02:18:04,539 [DEBUG] Received message: Character: h -> Pattern: 101100 Servo A (101): 1920µs, Servo B (100): 1613µs
2024-12-04 02:18:04,543 [DEBUG] Pattern updated: 101100
2024-12-04 02:18:06,054 [DEBUG] Received: Character: e -> Pattern: 100100 Servo A (100): 1613µs, Servo B (100): 1613µs
2024-12-04 02:18:06,054 [DEBUG] Received message: Character: e -> Pattern: 100100 Servo A (100): 1613µs, Servo B (100): 1613µs
2024-12-04 02:18:06,056 [DEBUG] Pattern updated: 100100
2024-12-04 02:18:07,569 [DEBUG] Received: Character: e -> Pattern: 100100 Servo A (100): 1613µs, Servo B (100): 1613µs
2024-12-04 02:18:07,570 [DEBUG] Received message: Character: e -> Pattern: 100100 Servo A (100): 1613µs, Servo B (100): 1613µs
2024-12-04 02:18:07,587 [DEBUG] Pattern updated: 100100
2024-12-04 02:18:09,080 [DEBUG] Received: Character: t -> Pattern: 11110 Servo A (11): 1324µs, Servo B (110): 2037µs
2024-12-04 02:18:09,081 [DEBUG] Received message: Character: t -> Pattern: 11110 Servo A (11): 1324µs, Servo B (110): 2037µs
