2024-12-04 04:05:15,393 [INFO] Logging initialized
2024-12-04 04:05:15,393 [INFO] Starting Braille Controller Application
2024-12-04 04:05:15,525 [DEBUG] Configuration loaded from file
2024-12-04 04:05:15,525 [DEBUG] Configuration initialized
2024-12-04 04:05:15,532 [INFO] Available serial ports: ['/dev/cu.debug-console', '/dev/cu.Bluetooth-Incoming-Port', '/dev/cu.AlisJBLPARTYBOXON-THE-GO', '/dev/cu.usbmodem21101']
2024-12-04 04:05:15,532 [DEBUG] BrailleControllerGUI initialized
2024-12-04 04:05:15,532 [INFO] GUI initialized successfully
2024-12-04 04:05:15,532 [INFO] Application started - Log file: logs/braille_controller_20241204_040515.log
2024-12-04 04:05:24,102 [INFO] Connected to /dev/cu.usbmodem21101
2024-12-04 04:05:24,102 [DEBUG] Received: Braille Servo Controller Ready
2024-12-04 04:05:24,102 [DEBUG] Received message: Braille Servo Controller Ready
2024-12-04 04:05:24,208 [DEBUG] Received: Enter text to convert to Braille
2024-12-04 04:05:24,208 [DEBUG] Received message: Enter text to convert to Braille
2024-12-04 04:05:31,351 [DEBUG] Text command sent: TEXT:123
2024-12-04 04:05:31,351 [DEBUG] Pattern updated: 000000
2024-12-04 04:05:31,351 [DEBUG] Pattern updated: 000000
2024-12-04 04:05:31,352 [DEBUG] Pattern updated: 000000
2024-12-04 04:05:31,381 [DEBUG] Received: Processing: 123
2024-12-04 04:05:31,381 [DEBUG] Received message: Processing: 123
2024-12-04 04:05:31,488 [DEBUG] Received: Character: 1 -> Pattern: 100000 Servo A (100): 1613µs, Servo B (0): 844µs
2024-12-04 04:05:31,488 [DEBUG] Received message: Character: 1 -> Pattern: 100000 Servo A (100): 1613µs, Servo B (0): 844µs
2024-12-04 04:05:31,488 [DEBUG] Current group: 123, Current char: 1
2024-12-04 04:05:31,489 [DEBUG] Found char 1 at position 0
2024-12-04 04:05:31,490 [DEBUG] Updating display 0 with char 1 and pattern 100000
2024-12-04 04:05:31,492 [DEBUG] Pattern updated: 100000
2024-12-04 04:05:31,492 [DEBUG] Pulse width (bounded): 1613µs
2024-12-04 04:05:31,492 [DEBUG] Converted 1613µs to 100.2°
2024-12-04 04:05:31,493 [DEBUG] Pulse width (bounded): 844µs
2024-12-04 04:05:31,493 [DEBUG] Converted 844µs to 31.0°
2024-12-04 04:05:32,970 [DEBUG] Received: Character: 2 -> Pattern: 101000 Servo A (101): 1920µs, Servo B (0): 844µs
2024-12-04 04:05:32,971 [DEBUG] Received message: Character: 2 -> Pattern: 101000 Servo A (101): 1920µs, Servo B (0): 844µs
2024-12-04 04:05:32,971 [DEBUG] Current group: 123, Current char: 2
2024-12-04 04:05:32,971 [DEBUG] Found char 2 at position 1
2024-12-04 04:05:32,974 [DEBUG] Updating display 1 with char 2 and pattern 101000
2024-12-04 04:05:32,988 [DEBUG] Pattern updated: 101000
2024-12-04 04:05:32,989 [DEBUG] Pulse width (bounded): 1920µs
2024-12-04 04:05:32,989 [DEBUG] Converted 1920µs to 127.8°
2024-12-04 04:05:32,989 [DEBUG] Pulse width (bounded): 844µs
2024-12-04 04:05:32,989 [DEBUG] Converted 844µs to 31.0°
2024-12-04 04:05:34,482 [DEBUG] Received: Character: 3 -> Pattern: 110000 Servo A (110): 2037µs, Servo B (0): 844µs
2024-12-04 04:05:34,482 [DEBUG] Received message: Character: 3 -> Pattern: 110000 Servo A (110): 2037µs, Servo B (0): 844µs
2024-12-04 04:05:34,482 [DEBUG] Current group: 123, Current char: 3
2024-12-04 04:05:34,482 [DEBUG] Found char 3 at position 2
2024-12-04 04:05:34,482 [DEBUG] Updating display 2 with char 3 and pattern 110000
2024-12-04 04:05:34,487 [DEBUG] Pattern updated: 110000
2024-12-04 04:05:34,488 [DEBUG] Pulse width (bounded): 2037µs
2024-12-04 04:05:34,488 [DEBUG] Converted 2037µs to 138.3°
2024-12-04 04:05:34,488 [DEBUG] Pulse width (bounded): 844µs
2024-12-04 04:05:34,488 [DEBUG] Converted 844µs to 31.0°
2024-12-04 04:05:37,498 [DEBUG] Text command sent: TEXT:456
2024-12-04 04:05:37,616 [DEBUG] Received: Processing: 456
2024-12-04 04:05:37,616 [DEBUG] Received message: Processing: 456
2024-12-04 04:05:37,723 [DEBUG] Received: Character: 4 -> Pattern: 110100 Servo A (110): 2037µs, Servo B (100): 1613µs
2024-12-04 04:05:37,724 [DEBUG] Received message: Character: 4 -> Pattern: 110100 Servo A (110): 2037µs, Servo B (100): 1613µs
2024-12-04 04:05:37,724 [DEBUG] Current group: 456, Current char: 4
2024-12-04 04:05:37,724 [DEBUG] Found char 4 at position 0
2024-12-04 04:05:37,725 [DEBUG] Updating display 0 with char 4 and pattern 110100
2024-12-04 04:05:37,739 [DEBUG] Pattern updated: 110100
2024-12-04 04:05:37,740 [DEBUG] Pulse width (bounded): 2037µs
2024-12-04 04:05:37,740 [DEBUG] Converted 2037µs to 138.3°
2024-12-04 04:05:37,740 [DEBUG] Pulse width (bounded): 1613µs
2024-12-04 04:05:37,740 [DEBUG] Converted 1613µs to 100.2°
2024-12-04 04:05:39,126 [DEBUG] Received: Character: 5 -> Pattern: 100100 Servo A (100): 1613µs, Servo B (100): 1613µs
2024-12-04 04:05:39,127 [DEBUG] Received message: Character: 5 -> Pattern: 100100 Servo A (100): 1613µs, Servo B (100): 1613µs
2024-12-04 04:05:39,127 [DEBUG] Current group: 456, Current char: 5
2024-12-04 04:05:39,127 [DEBUG] Found char 5 at position 1
2024-12-04 04:05:39,132 [DEBUG] Updating display 1 with char 5 and pattern 100100
2024-12-04 04:05:39,152 [DEBUG] Pattern updated: 100100
2024-12-04 04:05:39,153 [DEBUG] Pulse width (bounded): 1613µs
2024-12-04 04:05:39,153 [DEBUG] Converted 1613µs to 100.2°
2024-12-04 04:05:39,153 [DEBUG] Pulse width (bounded): 1613µs
2024-12-04 04:05:39,153 [DEBUG] Converted 1613µs to 100.2°
2024-12-04 04:05:40,637 [DEBUG] Received: Character: 6 -> Pattern: 111000 Servo A (111): 2094µs, Servo B (0): 844µs
2024-12-04 04:05:40,638 [DEBUG] Received message: Character: 6 -> Pattern: 111000 Servo A (111): 2094µs, Servo B (0): 844µs
2024-12-04 04:05:40,638 [DEBUG] Current group: 456, Current char: 6
2024-12-04 04:05:40,638 [DEBUG] Found char 6 at position 2
2024-12-04 04:05:40,640 [DEBUG] Updating display 2 with char 6 and pattern 111000
2024-12-04 04:05:40,648 [DEBUG] Pattern updated: 111000
2024-12-04 04:05:40,648 [DEBUG] Pulse width (bounded): 2094µs
2024-12-04 04:05:40,648 [DEBUG] Converted 2094µs to 143.5°
2024-12-04 04:05:40,648 [DEBUG] Pulse width (bounded): 844µs
2024-12-04 04:05:40,648 [DEBUG] Converted 844µs to 31.0°
2024-12-04 04:05:43,661 [DEBUG] Text command sent: TEXT:789
2024-12-04 04:05:43,761 [DEBUG] Received: Processing: 789
2024-12-04 04:05:43,762 [DEBUG] Received message: Processing: 789
2024-12-04 04:05:43,868 [DEBUG] Received: Character: 7 -> Pattern: 111100 Servo A (111): 2094µs, Servo B (100): 1613µs
2024-12-04 04:05:43,869 [DEBUG] Received message: Character: 7 -> Pattern: 111100 Servo A (111): 2094µs, Servo B (100): 1613µs
2024-12-04 04:05:43,869 [DEBUG] Current group: 789, Current char: 7
2024-12-04 04:05:43,869 [DEBUG] Found char 7 at position 0
2024-12-04 04:05:43,871 [DEBUG] Updating display 0 with char 7 and pattern 111100
2024-12-04 04:05:43,886 [DEBUG] Pattern updated: 111100
2024-12-04 04:05:43,886 [DEBUG] Pulse width (bounded): 2094µs
2024-12-04 04:05:43,886 [DEBUG] Converted 2094µs to 143.5°
2024-12-04 04:05:43,886 [DEBUG] Pulse width (bounded): 1613µs
2024-12-04 04:05:43,886 [DEBUG] Converted 1613µs to 100.2°
2024-12-04 04:05:45,286 [DEBUG] Received: Character: 8 -> Pattern: 101100 Servo A (101): 1920µs, Servo B (100): 1613µs
2024-12-04 04:05:45,287 [DEBUG] Received message: Character: 8 -> Pattern: 101100 Servo A (101): 1920µs, Servo B (100): 1613µs
2024-12-04 04:05:45,287 [DEBUG] Current group: 789, Current char: 8
2024-12-04 04:05:45,287 [DEBUG] Found char 8 at position 1
2024-12-04 04:05:45,288 [DEBUG] Updating display 1 with char 8 and pattern 101100
2024-12-04 04:05:45,303 [DEBUG] Pattern updated: 101100
2024-12-04 04:05:45,314 [DEBUG] Pulse width (bounded): 1920µs
2024-12-04 04:05:45,314 [DEBUG] Converted 1920µs to 127.8°
2024-12-04 04:05:45,315 [DEBUG] Pulse width (bounded): 1613µs
2024-12-04 04:05:45,315 [DEBUG] Converted 1613µs to 100.2°
2024-12-04 04:05:46,798 [DEBUG] Received: Character: 9 -> Pattern: 11000 Servo A (11): 1324µs, Servo B (0): 844µs
2024-12-04 04:05:46,798 [DEBUG] Received message: Character: 9 -> Pattern: 11000 Servo A (11): 1324µs, Servo B (0): 844µs
2024-12-04 04:05:46,799 [DEBUG] Current group: 789, Current char: 9
2024-12-04 04:05:46,799 [DEBUG] Found char 9 at position 2
2024-12-04 04:05:46,800 [DEBUG] Pulse width (bounded): 1324µs
2024-12-04 04:05:46,800 [DEBUG] Converted 1324µs to 74.2°
2024-12-04 04:05:46,800 [DEBUG] Pulse width (bounded): 844µs
2024-12-04 04:05:46,800 [DEBUG] Converted 844µs to 31.0°
2024-12-04 04:11:46,846 [DEBUG] Text command sent: TEXT:abc
2024-12-04 04:11:46,849 [DEBUG] Pattern updated: 000000
2024-12-04 04:11:46,849 [DEBUG] Pattern updated: 000000
2024-12-04 04:11:46,850 [DEBUG] Pattern updated: 000000
2024-12-04 04:11:46,958 [DEBUG] Received: Processing: abc
2024-12-04 04:11:46,958 [DEBUG] Received message: Processing: abc
2024-12-04 04:11:47,065 [DEBUG] Received: Character: a -> Pattern: 100000 Servo A (100): 1613µs, Servo B (0): 844µs
2024-12-04 04:11:47,066 [DEBUG] Received message: Character: a -> Pattern: 100000 Servo A (100): 1613µs, Servo B (0): 844µs
2024-12-04 04:11:47,066 [DEBUG] Current group: abc, Current char: a
2024-12-04 04:11:47,066 [DEBUG] Found char a at position 0
2024-12-04 04:11:47,067 [DEBUG] Updating display 0 with char a and pattern 100000
2024-12-04 04:11:47,069 [DEBUG] Pattern updated: 100000
2024-12-04 04:11:47,069 [DEBUG] Pulse width (bounded): 1613µs
2024-12-04 04:11:47,069 [DEBUG] Converted 1613µs to 100.2°
2024-12-04 04:11:47,069 [DEBUG] Pulse width (bounded): 844µs
2024-12-04 04:11:47,069 [DEBUG] Converted 844µs to 31.0°
2024-12-04 04:11:48,468 [DEBUG] Received: Character: b -> Pattern: 101000 Servo A (101): 1920µs, Servo B (0): 844µs
2024-12-04 04:11:48,468 [DEBUG] Received message: Character: b -> Pattern: 101000 Servo A (101): 1920µs, Servo B (0): 844µs
2024-12-04 04:11:48,469 [DEBUG] Current group: abc, Current char: b
2024-12-04 04:11:48,469 [DEBUG] Found char b at position 1
2024-12-04 04:11:48,469 [DEBUG] Updating display 1 with char b and pattern 101000
2024-12-04 04:11:48,471 [DEBUG] Pattern updated: 101000
2024-12-04 04:11:48,471 [DEBUG] Pulse width (bounded): 1920µs
2024-12-04 04:11:48,472 [DEBUG] Converted 1920µs to 127.8°
2024-12-04 04:11:48,472 [DEBUG] Pulse width (bounded): 844µs
2024-12-04 04:11:48,472 [DEBUG] Converted 844µs to 31.0°
2024-12-04 04:11:49,977 [DEBUG] Received: Character: c -> Pattern: 110000 Servo A (110): 2037µs, Servo B (0): 844µs
2024-12-04 04:11:49,981 [DEBUG] Received message: Character: c -> Pattern: 110000 Servo A (110): 2037µs, Servo B (0): 844µs
2024-12-04 04:11:49,981 [DEBUG] Current group: abc, Current char: c
2024-12-04 04:11:49,981 [DEBUG] Found char c at position 2
2024-12-04 04:11:49,982 [DEBUG] Updating display 2 with char c and pattern 110000
2024-12-04 04:11:49,998 [DEBUG] Pattern updated: 110000
2024-12-04 04:11:50,008 [DEBUG] Pulse width (bounded): 2037µs
2024-12-04 04:11:50,008 [DEBUG] Converted 2037µs to 138.3°
2024-12-04 04:11:50,008 [DEBUG] Pulse width (bounded): 844µs
2024-12-04 04:11:50,008 [DEBUG] Converted 844µs to 31.0°
2024-12-04 04:11:53,023 [DEBUG] Text command sent: TEXT:def
2024-12-04 04:11:53,053 [DEBUG] Received: Processing: def
2024-12-04 04:11:53,053 [DEBUG] Received message: Processing: def
2024-12-04 04:11:53,155 [DEBUG] Received: Character: d -> Pattern: 110100 Servo A (110): 2037µs, Servo B (100): 1613µs
2024-12-04 04:11:53,155 [DEBUG] Received message: Character: d -> Pattern: 110100 Servo A (110): 2037µs, Servo B (100): 1613µs
2024-12-04 04:11:53,156 [DEBUG] Current group: def, Current char: d
2024-12-04 04:11:53,156 [DEBUG] Found char d at position 0
2024-12-04 04:11:53,156 [DEBUG] Updating display 0 with char d and pattern 110100
2024-12-04 04:11:53,169 [DEBUG] Pattern updated: 110100
2024-12-04 04:11:53,169 [DEBUG] Pulse width (bounded): 2037µs
2024-12-04 04:11:53,169 [DEBUG] Converted 2037µs to 138.3°
2024-12-04 04:11:53,169 [DEBUG] Pulse width (bounded): 1613µs
2024-12-04 04:11:53,169 [DEBUG] Converted 1613µs to 100.2°
2024-12-04 04:11:54,651 [DEBUG] Received: Character: e -> Pattern: 100100 Servo A (100): 1613µs, Servo B (100): 1613µs
2024-12-04 04:11:54,653 [DEBUG] Received message: Character: e -> Pattern: 100100 Servo A (100): 1613µs, Servo B (100): 1613µs
2024-12-04 04:11:54,653 [DEBUG] Current group: def, Current char: e
2024-12-04 04:11:54,653 [DEBUG] Found char e at position 1
2024-12-04 04:11:54,661 [DEBUG] Updating display 1 with char e and pattern 100100
2024-12-04 04:11:54,670 [DEBUG] Pattern updated: 100100
2024-12-04 04:11:54,671 [DEBUG] Pulse width (bounded): 1613µs
2024-12-04 04:11:54,671 [DEBUG] Converted 1613µs to 100.2°
2024-12-04 04:11:54,671 [DEBUG] Pulse width (bounded): 1613µs
2024-12-04 04:11:54,671 [DEBUG] Converted 1613µs to 100.2°
2024-12-04 04:11:56,162 [DEBUG] Received: Character: f -> Pattern: 111000 Servo A (111): 2094µs, Servo B (0): 844µs
2024-12-04 04:11:56,162 [DEBUG] Received message: Character: f -> Pattern: 111000 Servo A (111): 2094µs, Servo B (0): 844µs
2024-12-04 04:11:56,162 [DEBUG] Current group: def, Current char: f
2024-12-04 04:11:56,163 [DEBUG] Found char f at position 2
2024-12-04 04:11:56,163 [DEBUG] Updating display 2 with char f and pattern 111000
2024-12-04 04:11:56,165 [DEBUG] Pattern updated: 111000
2024-12-04 04:11:56,166 [DEBUG] Pulse width (bounded): 2094µs
2024-12-04 04:11:56,166 [DEBUG] Converted 2094µs to 143.5°
2024-12-04 04:11:56,166 [DEBUG] Pulse width (bounded): 844µs
2024-12-04 04:11:56,166 [DEBUG] Converted 844µs to 31.0°
2024-12-04 04:11:59,169 [DEBUG] Text command sent: TEXT:g
2024-12-04 04:11:59,269 [DEBUG] Received: Processing: g
2024-12-04 04:11:59,269 [DEBUG] Received message: Processing: g
2024-12-04 04:11:59,371 [DEBUG] Received: Character: g -> Pattern: 111100 Servo A (111): 2094µs, Servo B (100): 1613µs
2024-12-04 04:11:59,371 [DEBUG] Received message: Character: g -> Pattern: 111100 Servo A (111): 2094µs, Servo B (100): 1613µs
2024-12-04 04:11:59,371 [DEBUG] Current group: g, Current char: g
2024-12-04 04:11:59,372 [DEBUG] Found char g at position 0
2024-12-04 04:11:59,372 [DEBUG] Updating display 0 with char g and pattern 111100
2024-12-04 04:11:59,379 [DEBUG] Pattern updated: 111100
2024-12-04 04:11:59,379 [DEBUG] Pulse width (bounded): 2094µs
2024-12-04 04:11:59,379 [DEBUG] Converted 2094µs to 143.5°
2024-12-04 04:11:59,379 [DEBUG] Pulse width (bounded): 1613µs
2024-12-04 04:11:59,379 [DEBUG] Converted 1613µs to 100.2°
