2024-12-04 03:28:24,382 [INFO] Logging initialized
2024-12-04 03:28:24,382 [INFO] Starting Braille Controller Application
2024-12-04 03:28:24,534 [DEBUG] Configuration loaded from file
2024-12-04 03:28:24,534 [DEBUG] Configuration initialized
2024-12-04 03:28:24,541 [INFO] Available serial ports: ['/dev/cu.debug-console', '/dev/cu.Bluetooth-Incoming-Port', '/dev/cu.AlisJBLPARTYBOXON-THE-GO', '/dev/cu.usbmodem21101']
2024-12-04 03:28:24,541 [DEBUG] BrailleControllerGUI initialized
2024-12-04 03:28:24,541 [INFO] GUI initialized successfully
2024-12-04 03:28:24,541 [INFO] Application started - Log file: logs/braille_controller_20241204_032824.log
2024-12-04 03:28:32,920 [INFO] Connected to /dev/cu.usbmodem21101
2024-12-04 03:28:32,924 [DEBUG] Received: Braille Servo Controller Ready
2024-12-04 03:28:32,924 [DEBUG] Received message: Braille Servo Controller Ready
2024-12-04 03:28:33,030 [DEBUG] Received: Enter text to convert to Braille
2024-12-04 03:28:33,030 [DEBUG] Received message: Enter text to convert to Braille
2024-12-04 03:28:57,443 [DEBUG] Configuration saved to file
2024-12-04 03:28:57,443 [DEBUG] Configuration updated: char_delay = 5000
2024-12-04 03:28:57,443 [DEBUG] Configuration saved to file
2024-12-04 03:28:57,443 [DEBUG] Configuration updated: servo_delay = 750
2024-12-04 03:28:57,444 [DEBUG] Configuration saved to file
2024-12-04 03:28:57,444 [DEBUG] Configuration updated: dual_servo_mode = True
2024-12-04 03:28:57,444 [DEBUG] Configuration saved to file
2024-12-04 03:28:57,444 [DEBUG] Configuration updated: debug_mode = False
2024-12-04 03:29:01,713 [DEBUG] Text command sent: TEXT:aliwaelalybekheet
2024-12-04 03:29:01,804 [DEBUG] Received: Processing: aliwaelalybekheet
2024-12-04 03:29:01,804 [DEBUG] Received message: Processing: aliwaelalybekheet
2024-12-04 03:29:01,910 [DEBUG] Received: Character: a -> Pattern: 100000 Servo A (100): 1613µs, Servo B (0): 844µs
2024-12-04 03:29:01,911 [DEBUG] Received message: Character: a -> Pattern: 100000 Servo A (100): 1613µs, Servo B (0): 844µs
2024-12-04 03:29:01,933 [DEBUG] Pattern updated: 100000
2024-12-04 03:29:01,933 [DEBUG] Pulse width (bounded): 1613µs
2024-12-04 03:29:01,934 [DEBUG] Converted 1613µs to 100.2°
2024-12-04 03:29:01,934 [DEBUG] Pulse width (bounded): 844µs
2024-12-04 03:29:01,934 [DEBUG] Converted 844µs to 31.0°
2024-12-04 03:29:03,364 [DEBUG] Received: Character: l -> Pattern: 101010 Servo A (101): 1920µs, Servo B (10): 1268µs
2024-12-04 03:29:03,365 [DEBUG] Received message: Character: l -> Pattern: 101010 Servo A (101): 1920µs, Servo B (10): 1268µs
2024-12-04 03:29:03,367 [DEBUG] Pattern updated: 101010
2024-12-04 03:29:03,367 [DEBUG] Pulse width (bounded): 1920µs
2024-12-04 03:29:03,368 [DEBUG] Converted 1920µs to 127.8°
2024-12-04 03:29:03,368 [DEBUG] Pulse width (bounded): 1268µs
2024-12-04 03:29:03,368 [DEBUG] Converted 1268µs to 69.1°
2024-12-04 03:29:04,875 [DEBUG] Received: Character: i -> Pattern: 11000 Servo A (11): 1324µs, Servo B (0): 844µs
2024-12-04 03:29:04,878 [DEBUG] Received message: Character: i -> Pattern: 11000 Servo A (11): 1324µs, Servo B (0): 844µs
2024-12-04 03:29:04,880 [DEBUG] Pulse width (bounded): 1324µs
2024-12-04 03:29:04,880 [DEBUG] Converted 1324µs to 74.2°
2024-12-04 03:29:04,880 [DEBUG] Pulse width (bounded): 844µs
2024-12-04 03:29:04,880 [DEBUG] Converted 844µs to 31.0°
2024-12-04 03:29:06,387 [DEBUG] Received: Character: w -> Pattern: 11101 Servo A (11): 1324µs, Servo B (101): 1920µs
2024-12-04 03:29:06,388 [DEBUG] Received message: Character: w -> Pattern: 11101 Servo A (11): 1324µs, Servo B (101): 1920µs
2024-12-04 03:29:06,391 [DEBUG] Pulse width (bounded): 1324µs
2024-12-04 03:29:06,391 [DEBUG] Converted 1324µs to 74.2°
2024-12-04 03:29:06,391 [DEBUG] Pulse width (bounded): 1920µs
2024-12-04 03:29:06,392 [DEBUG] Converted 1920µs to 127.8°
2024-12-04 03:29:07,898 [DEBUG] Received: Character: a -> Pattern: 100000 Servo A (100): 1613µs, Servo B (0): 844µs
2024-12-04 03:29:07,898 [DEBUG] Received message: Character: a -> Pattern: 100000 Servo A (100): 1613µs, Servo B (0): 844µs
2024-12-04 03:29:07,903 [DEBUG] Pattern updated: 100000
2024-12-04 03:29:07,904 [DEBUG] Pulse width (bounded): 1613µs
2024-12-04 03:29:07,904 [DEBUG] Converted 1613µs to 100.2°
2024-12-04 03:29:07,904 [DEBUG] Pulse width (bounded): 844µs
2024-12-04 03:29:07,904 [DEBUG] Converted 844µs to 31.0°
2024-12-04 03:29:09,413 [DEBUG] Received: Character: e -> Pattern: 100100 Servo A (100): 1613µs, Servo B (100): 1613µs
2024-12-04 03:29:09,414 [DEBUG] Received message: Character: e -> Pattern: 100100 Servo A (100): 1613µs, Servo B (100): 1613µs
2024-12-04 03:29:09,417 [DEBUG] Pattern updated: 100100
2024-12-04 03:29:09,417 [DEBUG] Pulse width (bounded): 1613µs
2024-12-04 03:29:09,418 [DEBUG] Converted 1613µs to 100.2°
2024-12-04 03:29:09,418 [DEBUG] Pulse width (bounded): 1613µs
2024-12-04 03:29:09,418 [DEBUG] Converted 1613µs to 100.2°
2024-12-04 03:29:10,928 [DEBUG] Received: Character: l -> Pattern: 101010 Servo A (101): 1920µs, Servo B (10): 1268µs
2024-12-04 03:29:10,929 [DEBUG] Received message: Character: l -> Pattern: 101010 Servo A (101): 1920µs, Servo B (10): 1268µs
2024-12-04 03:29:10,931 [DEBUG] Pattern updated: 101010
2024-12-04 03:29:10,932 [DEBUG] Pulse width (bounded): 1920µs
2024-12-04 03:29:10,932 [DEBUG] Converted 1920µs to 127.8°
2024-12-04 03:29:10,932 [DEBUG] Pulse width (bounded): 1268µs
2024-12-04 03:29:10,932 [DEBUG] Converted 1268µs to 69.1°
2024-12-04 03:29:12,440 [DEBUG] Received: Character: a -> Pattern: 100000 Servo A (100): 1613µs, Servo B (0): 844µs
2024-12-04 03:29:12,440 [DEBUG] Received message: Character: a -> Pattern: 100000 Servo A (100): 1613µs, Servo B (0): 844µs
2024-12-04 03:29:12,445 [DEBUG] Pattern updated: 100000
2024-12-04 03:29:12,446 [DEBUG] Pulse width (bounded): 1613µs
2024-12-04 03:29:12,446 [DEBUG] Converted 1613µs to 100.2°
2024-12-04 03:29:12,446 [DEBUG] Pulse width (bounded): 844µs
2024-12-04 03:29:12,446 [DEBUG] Converted 844µs to 31.0°
2024-12-04 03:29:13,953 [DEBUG] Received: Character: l -> Pattern: 101010 Servo A (101): 1920µs, Servo B (10): 1268µs
2024-12-04 03:29:13,953 [DEBUG] Received message: Character: l -> Pattern: 101010 Servo A (101): 1920µs, Servo B (10): 1268µs
2024-12-04 03:29:13,955 [DEBUG] Pattern updated: 101010
2024-12-04 03:29:13,955 [DEBUG] Pulse width (bounded): 1920µs
2024-12-04 03:29:13,955 [DEBUG] Converted 1920µs to 127.8°
2024-12-04 03:29:13,955 [DEBUG] Pulse width (bounded): 1268µs
2024-12-04 03:29:13,955 [DEBUG] Converted 1268µs to 69.1°
2024-12-04 03:29:15,467 [DEBUG] Received: Character: y -> Pattern: 110111 Servo A (110): 2037µs, Servo B (111): 2094µs
2024-12-04 03:29:15,467 [DEBUG] Received message: Character: y -> Pattern: 110111 Servo A (110): 2037µs, Servo B (111): 2094µs
2024-12-04 03:29:15,469 [DEBUG] Pattern updated: 110111
2024-12-04 03:29:15,469 [DEBUG] Pulse width (bounded): 2037µs
2024-12-04 03:29:15,470 [DEBUG] Converted 2037µs to 138.3°
2024-12-04 03:29:15,470 [DEBUG] Pulse width (bounded): 2094µs
2024-12-04 03:29:15,470 [DEBUG] Converted 2094µs to 143.5°
2024-12-04 03:29:16,978 [DEBUG] Received: Character: b -> Pattern: 101000 Servo A (101): 1920µs, Servo B (0): 844µs
2024-12-04 03:29:16,978 [DEBUG] Received message: Character: b -> Pattern: 101000 Servo A (101): 1920µs, Servo B (0): 844µs
2024-12-04 03:29:16,980 [DEBUG] Pattern updated: 101000
2024-12-04 03:29:16,980 [DEBUG] Pulse width (bounded): 1920µs
2024-12-04 03:29:16,980 [DEBUG] Converted 1920µs to 127.8°
2024-12-04 03:29:16,980 [DEBUG] Pulse width (bounded): 844µs
2024-12-04 03:29:16,980 [DEBUG] Converted 844µs to 31.0°
2024-12-04 03:29:18,493 [DEBUG] Received: Character: e -> Pattern: 100100 Servo A (100): 1613µs, Servo B (100): 1613µs
2024-12-04 03:29:18,493 [DEBUG] Received message: Character: e -> Pattern: 100100 Servo A (100): 1613µs, Servo B (100): 1613µs
2024-12-04 03:29:18,495 [DEBUG] Pattern updated: 100100
2024-12-04 03:29:18,495 [DEBUG] Pulse width (bounded): 1613µs
2024-12-04 03:29:18,495 [DEBUG] Converted 1613µs to 100.2°
2024-12-04 03:29:18,495 [DEBUG] Pulse width (bounded): 1613µs
2024-12-04 03:29:18,495 [DEBUG] Converted 1613µs to 100.2°
2024-12-04 03:29:20,009 [DEBUG] Received: Character: k -> Pattern: 100010 Servo A (100): 1613µs, Servo B (10): 1268µs
2024-12-04 03:29:20,009 [DEBUG] Received message: Character: k -> Pattern: 100010 Servo A (100): 1613µs, Servo B (10): 1268µs
2024-12-04 03:29:20,105 [DEBUG] Pattern updated: 100010
2024-12-04 03:29:20,106 [DEBUG] Pulse width (bounded): 1613µs
2024-12-04 03:29:20,106 [DEBUG] Converted 1613µs to 100.2°
2024-12-04 03:29:20,106 [DEBUG] Pulse width (bounded): 1268µs
2024-12-04 03:29:20,106 [DEBUG] Converted 1268µs to 69.1°
2024-12-04 03:29:21,524 [DEBUG] Received: Character: h -> Pattern: 101100 Servo A (101): 1920µs, Servo B (100): 1613µs
2024-12-04 03:29:21,524 [DEBUG] Received message: Character: h -> Pattern: 101100 Servo A (101): 1920µs, Servo B (100): 1613µs
2024-12-04 03:29:21,528 [DEBUG] Pattern updated: 101100
2024-12-04 03:29:21,528 [DEBUG] Pulse width (bounded): 1920µs
2024-12-04 03:29:21,528 [DEBUG] Converted 1920µs to 127.8°
2024-12-04 03:29:21,528 [DEBUG] Pulse width (bounded): 1613µs
2024-12-04 03:29:21,528 [DEBUG] Converted 1613µs to 100.2°
2024-12-04 03:29:23,035 [DEBUG] Received: Character: e -> Pattern: 100100 Servo A (100): 1613µs, Servo B (100): 1613µs
2024-12-04 03:29:23,036 [DEBUG] Received message: Character: e -> Pattern: 100100 Servo A (100): 1613µs, Servo B (100): 1613µs
2024-12-04 03:29:23,039 [DEBUG] Pattern updated: 100100
2024-12-04 03:29:23,040 [DEBUG] Pulse width (bounded): 1613µs
2024-12-04 03:29:23,040 [DEBUG] Converted 1613µs to 100.2°
2024-12-04 03:29:23,040 [DEBUG] Pulse width (bounded): 1613µs
2024-12-04 03:29:23,040 [DEBUG] Converted 1613µs to 100.2°
2024-12-04 03:29:24,551 [DEBUG] Received: Character: e -> Pattern: 100100 Servo A (100): 1613µs, Servo B (100): 1613µs
2024-12-04 03:29:24,551 [DEBUG] Received message: Character: e -> Pattern: 100100 Servo A (100): 1613µs, Servo B (100): 1613µs
2024-12-04 03:29:24,553 [DEBUG] Pattern updated: 100100
2024-12-04 03:29:24,554 [DEBUG] Pulse width (bounded): 1613µs
2024-12-04 03:29:24,554 [DEBUG] Converted 1613µs to 100.2°
2024-12-04 03:29:24,554 [DEBUG] Pulse width (bounded): 1613µs
2024-12-04 03:29:24,555 [DEBUG] Converted 1613µs to 100.2°
2024-12-04 03:29:26,066 [DEBUG] Received: Character: t -> Pattern: 11110 Servo A (11): 1324µs, Servo B (110): 2037µs
2024-12-04 03:29:26,067 [DEBUG] Received message: Character: t -> Pattern: 11110 Servo A (11): 1324µs, Servo B (110): 2037µs
2024-12-04 03:29:26,074 [DEBUG] Pulse width (bounded): 1324µs
2024-12-04 03:29:26,074 [DEBUG] Converted 1324µs to 74.2°
2024-12-04 03:29:26,074 [DEBUG] Pulse width (bounded): 2037µs
2024-12-04 03:29:26,074 [DEBUG] Converted 2037µs to 138.3°
2024-12-04 03:30:19,644 [INFO] Serial connection closed
2024-12-04 03:30:19,650 [INFO] Application shutdown complete
