2024-12-04 02:42:18,548 [INFO] Logging initialized
2024-12-04 02:42:18,548 [INFO] Starting Braille Controller Application
2024-12-04 02:42:18,694 [DEBUG] Configuration loaded from file
2024-12-04 02:42:18,694 [DEBUG] Configuration initialized
2024-12-04 02:42:18,701 [INFO] Available serial ports: ['/dev/cu.debug-console', '/dev/cu.Bluetooth-Incoming-Port', '/dev/cu.AlisJBLPARTYBOXON-THE-GO', '/dev/cu.usbmodem21101']
2024-12-04 02:42:18,701 [DEBUG] BrailleControllerGUI initialized
2024-12-04 02:42:18,701 [INFO] GUI initialized successfully
2024-12-04 02:42:18,702 [INFO] Application started - Log file: logs/braille_controller_20241204_024218.log
2024-12-04 02:42:33,555 [INFO] Connected to /dev/cu.usbmodem21101
2024-12-04 02:42:33,558 [DEBUG] Received: Braille Servo Controller Ready
2024-12-04 02:42:33,558 [DEBUG] Received message: Braille Servo Controller Ready
2024-12-04 02:42:33,664 [DEBUG] Received: Enter text to convert to Braille
2024-12-04 02:42:33,664 [DEBUG] Received message: Enter text to convert to Braille
2024-12-04 02:42:37,077 [DEBUG] Text command sent: TEXT:bekheetv
2024-12-04 02:42:37,117 [DEBUG] Received: Processing: bekheetv
2024-12-04 02:42:37,117 [DEBUG] Received message: Processing: bekheetv
2024-12-04 02:42:37,222 [DEBUG] Received: Character: b -> Pattern: 101000 Servo A (101): 1920µs, Servo B (0): 844µs
2024-12-04 02:42:37,223 [DEBUG] Received message: Character: b -> Pattern: 101000 Servo A (101): 1920µs, Servo B (0): 844µs
2024-12-04 02:42:37,228 [DEBUG] Pattern updated: 101000
2024-12-04 02:42:37,229 [DEBUG] Found servo matches: [('A', '1920'), ('B', '844')]
2024-12-04 02:42:37,229 [DEBUG] Servo A pulse: 1920µs
2024-12-04 02:42:37,229 [DEBUG] Servo B pulse: 844µs
2024-12-04 02:42:37,229 [DEBUG] Pulse width (bounded): 1920µs
2024-12-04 02:42:37,229 [DEBUG] Converted 1920µs to 127.8°
2024-12-04 02:42:37,229 [DEBUG] Pulse width (bounded): 844µs
2024-12-04 02:42:37,229 [DEBUG] Converted 844µs to 31.0°
2024-12-04 02:42:38,710 [DEBUG] Received: Character: e -> Pattern: 100100 Servo A (100): 1613µs, Servo B (100): 1613µs
2024-12-04 02:42:38,711 [DEBUG] Received message: Character: e -> Pattern: 100100 Servo A (100): 1613µs, Servo B (100): 1613µs
2024-12-04 02:42:38,714 [DEBUG] Pattern updated: 100100
2024-12-04 02:42:38,714 [DEBUG] Found servo matches: [('A', '1613'), ('B', '1613')]
2024-12-04 02:42:38,715 [DEBUG] Servo A pulse: 1613µs
2024-12-04 02:42:38,715 [DEBUG] Servo B pulse: 1613µs
2024-12-04 02:42:38,715 [DEBUG] Pulse width (bounded): 1613µs
2024-12-04 02:42:38,715 [DEBUG] Converted 1613µs to 100.2°
2024-12-04 02:42:38,715 [DEBUG] Pulse width (bounded): 1613µs
2024-12-04 02:42:38,715 [DEBUG] Converted 1613µs to 100.2°
2024-12-04 02:42:40,225 [DEBUG] Received: Character: k -> Pattern: 100010 Servo A (100): 1613µs, Servo B (10): 1268µs
2024-12-04 02:42:40,226 [DEBUG] Received message: Character: k -> Pattern: 100010 Servo A (100): 1613µs, Servo B (10): 1268µs
2024-12-04 02:42:40,229 [DEBUG] Pattern updated: 100010
2024-12-04 02:42:40,229 [DEBUG] Found servo matches: [('A', '1613'), ('B', '1268')]
2024-12-04 02:42:40,229 [DEBUG] Servo A pulse: 1613µs
2024-12-04 02:42:40,229 [DEBUG] Servo B pulse: 1268µs
2024-12-04 02:42:40,230 [DEBUG] Pulse width (bounded): 1613µs
2024-12-04 02:42:40,230 [DEBUG] Converted 1613µs to 100.2°
2024-12-04 02:42:40,230 [DEBUG] Pulse width (bounded): 1268µs
2024-12-04 02:42:40,230 [DEBUG] Converted 1268µs to 69.1°
2024-12-04 02:42:41,741 [DEBUG] Received: Character: h -> Pattern: 101100 Servo A (101): 1920µs, Servo B (100): 1613µs
2024-12-04 02:42:41,741 [DEBUG] Received message: Character: h -> Pattern: 101100 Servo A (101): 1920µs, Servo B (100): 1613µs
2024-12-04 02:42:41,744 [DEBUG] Pattern updated: 101100
2024-12-04 02:42:41,744 [DEBUG] Found servo matches: [('A', '1920'), ('B', '1613')]
2024-12-04 02:42:41,744 [DEBUG] Servo A pulse: 1920µs
2024-12-04 02:42:41,745 [DEBUG] Servo B pulse: 1613µs
2024-12-04 02:42:41,745 [DEBUG] Pulse width (bounded): 1920µs
2024-12-04 02:42:41,745 [DEBUG] Converted 1920µs to 127.8°
2024-12-04 02:42:41,745 [DEBUG] Pulse width (bounded): 1613µs
2024-12-04 02:42:41,745 [DEBUG] Converted 1613µs to 100.2°
2024-12-04 02:42:43,256 [DEBUG] Received: Character: e -> Pattern: 100100 Servo A (100): 1613µs, Servo B (100): 1613µs
2024-12-04 02:42:43,257 [DEBUG] Received message: Character: e -> Pattern: 100100 Servo A (100): 1613µs, Servo B (100): 1613µs
2024-12-04 02:42:43,275 [DEBUG] Pattern updated: 100100
2024-12-04 02:42:43,276 [DEBUG] Found servo matches: [('A', '1613'), ('B', '1613')]
2024-12-04 02:42:43,276 [DEBUG] Servo A pulse: 1613µs
2024-12-04 02:42:43,276 [DEBUG] Servo B pulse: 1613µs
2024-12-04 02:42:43,276 [DEBUG] Pulse width (bounded): 1613µs
2024-12-04 02:42:43,276 [DEBUG] Converted 1613µs to 100.2°
2024-12-04 02:42:43,276 [DEBUG] Pulse width (bounded): 1613µs
2024-12-04 02:42:43,276 [DEBUG] Converted 1613µs to 100.2°
2024-12-04 02:42:44,771 [DEBUG] Received: Character: e -> Pattern: 100100 Servo A (100): 1613µs, Servo B (100): 1613µs
2024-12-04 02:42:44,772 [DEBUG] Received message: Character: e -> Pattern: 100100 Servo A (100): 1613µs, Servo B (100): 1613µs
2024-12-04 02:42:44,773 [DEBUG] Pattern updated: 100100
2024-12-04 02:42:44,773 [DEBUG] Found servo matches: [('A', '1613'), ('B', '1613')]
2024-12-04 02:42:44,773 [DEBUG] Servo A pulse: 1613µs
2024-12-04 02:42:44,773 [DEBUG] Servo B pulse: 1613µs
2024-12-04 02:42:44,773 [DEBUG] Pulse width (bounded): 1613µs
2024-12-04 02:42:44,774 [DEBUG] Converted 1613µs to 100.2°
2024-12-04 02:42:44,774 [DEBUG] Pulse width (bounded): 1613µs
2024-12-04 02:42:44,774 [DEBUG] Converted 1613µs to 100.2°
2024-12-04 02:42:46,283 [DEBUG] Received: Character: t -> Pattern: 11110 Servo A (11): 1324µs, Servo B (110): 2037µs
2024-12-04 02:42:46,283 [DEBUG] Received message: Character: t -> Pattern: 11110 Servo A (11): 1324µs, Servo B (110): 2037µs
2024-12-04 02:42:46,284 [DEBUG] Found servo matches: [('A', '1324'), ('B', '2037')]
2024-12-04 02:42:46,284 [DEBUG] Servo A pulse: 1324µs
2024-12-04 02:42:46,284 [DEBUG] Servo B pulse: 2037µs
2024-12-04 02:42:46,284 [DEBUG] Pulse width (bounded): 1324µs
2024-12-04 02:42:46,284 [DEBUG] Converted 1324µs to 74.2°
2024-12-04 02:42:46,284 [DEBUG] Pulse width (bounded): 2037µs
2024-12-04 02:42:46,284 [DEBUG] Converted 2037µs to 138.3°
2024-12-04 02:42:47,798 [DEBUG] Received: Character: v -> Pattern: 101011 Servo A (101): 1920µs, Servo B (11): 1324µs
2024-12-04 02:42:47,798 [DEBUG] Received message: Character: v -> Pattern: 101011 Servo A (101): 1920µs, Servo B (11): 1324µs
2024-12-04 02:42:47,800 [DEBUG] Pattern updated: 101011
2024-12-04 02:42:47,800 [DEBUG] Found servo matches: [('A', '1920'), ('B', '1324')]
2024-12-04 02:42:47,800 [DEBUG] Servo A pulse: 1920µs
2024-12-04 02:42:47,800 [DEBUG] Servo B pulse: 1324µs
2024-12-04 02:42:47,800 [DEBUG] Pulse width (bounded): 1920µs
2024-12-04 02:42:47,800 [DEBUG] Converted 1920µs to 127.8°
2024-12-04 02:42:47,800 [DEBUG] Pulse width (bounded): 1324µs
2024-12-04 02:42:47,800 [DEBUG] Converted 1324µs to 74.2°
2024-12-04 02:44:08,361 [INFO] Serial connection closed
2024-12-04 02:44:08,371 [INFO] Application shutdown complete
