2024-12-04 03:42:06,176 [INFO] Logging initialized
2024-12-04 03:42:06,176 [INFO] Starting Braille Controller Application
2024-12-04 03:42:06,323 [DEBUG] Configuration loaded from file
2024-12-04 03:42:06,323 [DEBUG] Configuration initialized
2024-12-04 03:42:06,331 [INFO] Available serial ports: ['/dev/cu.debug-console', '/dev/cu.Bluetooth-Incoming-Port', '/dev/cu.AlisJBLPARTYBOXON-THE-GO', '/dev/cu.usbmodem21101']
2024-12-04 03:42:06,331 [DEBUG] BrailleControllerGUI initialized
2024-12-04 03:42:06,331 [INFO] GUI initialized successfully
2024-12-04 03:42:06,331 [INFO] Application started - Log file: logs/braille_controller_20241204_034206.log
2024-12-04 03:42:22,462 [ERROR] Send error: Not connected to device
2024-12-04 03:42:27,527 [INFO] Connected to /dev/cu.usbmodem21101
2024-12-04 03:42:27,533 [DEBUG] Received: Braille Servo Controller Ready
2024-12-04 03:42:27,533 [DEBUG] Received message: Braille Servo Controller Ready
2024-12-04 03:42:27,638 [DEBUG] Received: Enter text to convert to Braille
2024-12-04 03:42:27,639 [DEBUG] Received message: Enter text to convert to Braille
2024-12-04 03:42:28,392 [DEBUG] Text command sent: TEXT:123
2024-12-04 03:42:28,392 [DEBUG] Pattern updated: 000000
2024-12-04 03:42:28,392 [DEBUG] Pattern updated: 000000
2024-12-04 03:42:28,392 [DEBUG] Pattern updated: 000000
2024-12-04 03:42:28,468 [DEBUG] Received: Processing: 123
2024-12-04 03:42:28,468 [DEBUG] Received message: Processing: 123
2024-12-04 03:42:28,570 [DEBUG] Received: Character: 1 -> Pattern: 100000 Servo A (100): 1613µs, Servo B (0): 844µs
2024-12-04 03:42:28,570 [DEBUG] Received message: Character: 1 -> Pattern: 100000 Servo A (100): 1613µs, Servo B (0): 844µs
2024-12-04 03:42:28,576 [DEBUG] Pattern updated: 100000
2024-12-04 03:42:28,577 [DEBUG] Pulse width (bounded): 1613µs
2024-12-04 03:42:28,577 [DEBUG] Converted 1613µs to 100.2°
2024-12-04 03:42:28,577 [DEBUG] Pulse width (bounded): 844µs
2024-12-04 03:42:28,577 [DEBUG] Converted 844µs to 31.0°
2024-12-04 03:42:30,016 [DEBUG] Received: Character: 2 -> Pattern: 101000 Servo A (101): 1920µs, Servo B (0): 844µs
2024-12-04 03:42:30,017 [DEBUG] Received message: Character: 2 -> Pattern: 101000 Servo A (101): 1920µs, Servo B (0): 844µs
2024-12-04 03:42:30,018 [DEBUG] Pattern updated: 101000
2024-12-04 03:42:30,018 [DEBUG] Pulse width (bounded): 1920µs
2024-12-04 03:42:30,018 [DEBUG] Converted 1920µs to 127.8°
2024-12-04 03:42:30,018 [DEBUG] Pulse width (bounded): 844µs
2024-12-04 03:42:30,018 [DEBUG] Converted 844µs to 31.0°
2024-12-04 03:42:31,524 [DEBUG] Received: Character: 3 -> Pattern: 110000 Servo A (110): 2037µs, Servo B (0): 844µs
2024-12-04 03:42:31,524 [DEBUG] Received message: Character: 3 -> Pattern: 110000 Servo A (110): 2037µs, Servo B (0): 844µs
2024-12-04 03:42:31,534 [DEBUG] Pattern updated: 110000
2024-12-04 03:42:31,534 [DEBUG] Pulse width (bounded): 2037µs
2024-12-04 03:42:31,534 [DEBUG] Converted 2037µs to 138.3°
2024-12-04 03:42:31,534 [DEBUG] Pulse width (bounded): 844µs
2024-12-04 03:42:31,534 [DEBUG] Converted 844µs to 31.0°
2024-12-04 03:42:31,545 [ERROR] Message processing error: 'BrailleControllerGUI' object has no attribute 'after'
Traceback (most recent call last):
  File "/Users/bekheet/dev/Refreshable_Braille_Character/src/braille_controller/gui/controller_gui.py", line 346, in process_serial_message
    self.after(char_delay, lambda: self.serial_manager.send_text(
    ^^^^^^^^^^
AttributeError: 'BrailleControllerGUI' object has no attribute 'after'
