2024-12-04 02:20:54,616 [INFO] Logging initialized
2024-12-04 02:20:54,616 [INFO] Starting Braille Controller Application
2024-12-04 02:20:54,793 [DEBUG] Configuration loaded from file
2024-12-04 02:20:54,793 [DEBUG] Configuration initialized
2024-12-04 02:20:54,798 [DEBUG] Drawing servo at angle: 0°
2024-12-04 02:20:54,799 [DEBUG] Drawing servo at angle: 0°
2024-12-04 02:20:54,801 [INFO] Available serial ports: ['/dev/cu.debug-console', '/dev/cu.Bluetooth-Incoming-Port', '/dev/cu.AlisJBLPARTYBOXON-THE-GO', '/dev/cu.usbmodem21101']
2024-12-04 02:20:54,801 [DEBUG] BrailleControllerGUI initialized
2024-12-04 02:20:54,801 [INFO] GUI initialized successfully
2024-12-04 02:20:54,801 [INFO] Application started - Log file: logs/braille_controller_20241204_022054.log
2024-12-04 02:21:01,345 [INFO] Connected to /dev/cu.usbmodem21101
2024-12-04 02:21:01,349 [DEBUG] Received: Braille Servo Controller Ready
2024-12-04 02:21:01,349 [DEBUG] Received message: Braille Servo Controller Ready
2024-12-04 02:21:01,455 [DEBUG] Received: Enter text to convert to Braille
2024-12-04 02:21:01,455 [DEBUG] Received message: Enter text to convert to Braille
2024-12-04 02:21:09,961 [DEBUG] Text command sent: TEXT:bekheetv
2024-12-04 02:21:10,002 [DEBUG] Received: Processing: bekheetv
2024-12-04 02:21:10,002 [DEBUG] Received message: Processing: bekheetv
2024-12-04 02:21:10,108 [DEBUG] Received: Character: b -> Pattern: 101000 Servo A (101): 1920µs, Servo B (0): 844µs
2024-12-04 02:21:10,108 [DEBUG] Received message: Character: b -> Pattern: 101000 Servo A (101): 1920µs, Servo B (0): 844µs
2024-12-04 02:21:10,124 [DEBUG] Pattern updated: 101000
2024-12-04 02:21:10,124 [DEBUG] Found servo matches: [('A', '1920'), ('B', '844')]
2024-12-04 02:21:10,124 [DEBUG] Servo A pulse: 1920µs
2024-12-04 02:21:10,124 [DEBUG] Servo B pulse: 844µs
2024-12-04 02:21:10,124 [DEBUG] Pulse width (bounded): 1920µs
2024-12-04 02:21:10,124 [DEBUG] Converted 1920µs to 127.8°
2024-12-04 02:21:10,124 [DEBUG] Setting Servo A angle to 127.8°
2024-12-04 02:21:10,124 [DEBUG] Updating servo angle from 0° to 127.8°
2024-12-04 02:21:10,125 [DEBUG] Drawing servo at angle: 127.8°
2024-12-04 02:21:10,152 [DEBUG] Pulse width (bounded): 844µs
2024-12-04 02:21:10,152 [DEBUG] Converted 844µs to 31.0°
2024-12-04 02:21:10,152 [DEBUG] Setting Servo B angle to 31.0°
2024-12-04 02:21:10,152 [DEBUG] Updating servo angle from 0° to 31.0°
2024-12-04 02:21:10,152 [DEBUG] Drawing servo at angle: 31.0°
2024-12-04 02:21:11,609 [DEBUG] Received: Character: e -> Pattern: 100100 Servo A (100): 1613µs, Servo B (100): 1613µs
2024-12-04 02:21:11,609 [DEBUG] Received message: Character: e -> Pattern: 100100 Servo A (100): 1613µs, Servo B (100): 1613µs
2024-12-04 02:21:11,610 [DEBUG] Pattern updated: 100100
2024-12-04 02:21:11,611 [DEBUG] Found servo matches: [('A', '1613'), ('B', '1613')]
2024-12-04 02:21:11,611 [DEBUG] Servo A pulse: 1613µs
2024-12-04 02:21:11,611 [DEBUG] Servo B pulse: 1613µs
2024-12-04 02:21:11,611 [DEBUG] Pulse width (bounded): 1613µs
2024-12-04 02:21:11,611 [DEBUG] Converted 1613µs to 100.2°
2024-12-04 02:21:11,611 [DEBUG] Setting Servo A angle to 100.2°
2024-12-04 02:21:11,611 [DEBUG] Updating servo angle from 127.8° to 100.2°
2024-12-04 02:21:11,611 [DEBUG] Drawing servo at angle: 100.2°
2024-12-04 02:21:11,625 [DEBUG] Pulse width (bounded): 1613µs
2024-12-04 02:21:11,625 [DEBUG] Converted 1613µs to 100.2°
2024-12-04 02:21:11,626 [DEBUG] Setting Servo B angle to 100.2°
2024-12-04 02:21:11,626 [DEBUG] Updating servo angle from 31.0° to 100.2°
2024-12-04 02:21:11,626 [DEBUG] Drawing servo at angle: 100.2°
2024-12-04 02:21:13,111 [DEBUG] Received: Character: k -> Pattern: 100010 Servo A (100): 1613µs, Servo B (10): 1268µs
2024-12-04 02:21:13,111 [DEBUG] Received message: Character: k -> Pattern: 100010 Servo A (100): 1613µs, Servo B (10): 1268µs
2024-12-04 02:21:13,114 [DEBUG] Pattern updated: 100010
2024-12-04 02:21:13,114 [DEBUG] Found servo matches: [('A', '1613'), ('B', '1268')]
2024-12-04 02:21:13,114 [DEBUG] Servo A pulse: 1613µs
2024-12-04 02:21:13,114 [DEBUG] Servo B pulse: 1268µs
2024-12-04 02:21:13,114 [DEBUG] Pulse width (bounded): 1613µs
2024-12-04 02:21:13,114 [DEBUG] Converted 1613µs to 100.2°
2024-12-04 02:21:13,115 [DEBUG] Setting Servo A angle to 100.2°
2024-12-04 02:21:13,115 [DEBUG] Pulse width (bounded): 1268µs
2024-12-04 02:21:13,115 [DEBUG] Converted 1268µs to 69.1°
2024-12-04 02:21:13,115 [DEBUG] Setting Servo B angle to 69.1°
2024-12-04 02:21:13,115 [DEBUG] Updating servo angle from 100.2° to 69.1°
2024-12-04 02:21:13,115 [DEBUG] Drawing servo at angle: 69.1°
2024-12-04 02:21:14,626 [DEBUG] Received: Character: h -> Pattern: 101100 Servo A (101): 1920µs, Servo B (100): 1613µs
2024-12-04 02:21:14,627 [DEBUG] Received message: Character: h -> Pattern: 101100 Servo A (101): 1920µs, Servo B (100): 1613µs
2024-12-04 02:21:14,645 [DEBUG] Pattern updated: 101100
2024-12-04 02:21:14,645 [DEBUG] Found servo matches: [('A', '1920'), ('B', '1613')]
2024-12-04 02:21:14,645 [DEBUG] Servo A pulse: 1920µs
2024-12-04 02:21:14,645 [DEBUG] Servo B pulse: 1613µs
2024-12-04 02:21:14,645 [DEBUG] Pulse width (bounded): 1920µs
2024-12-04 02:21:14,645 [DEBUG] Converted 1920µs to 127.8°
2024-12-04 02:21:14,646 [DEBUG] Setting Servo A angle to 127.8°
2024-12-04 02:21:14,646 [DEBUG] Updating servo angle from 100.2° to 127.8°
2024-12-04 02:21:14,646 [DEBUG] Drawing servo at angle: 127.8°
2024-12-04 02:21:14,671 [DEBUG] Pulse width (bounded): 1613µs
2024-12-04 02:21:14,671 [DEBUG] Converted 1613µs to 100.2°
2024-12-04 02:21:14,671 [DEBUG] Setting Servo B angle to 100.2°
2024-12-04 02:21:14,671 [DEBUG] Updating servo angle from 69.1° to 100.2°
2024-12-04 02:21:14,671 [DEBUG] Drawing servo at angle: 100.2°
2024-12-04 02:21:16,140 [DEBUG] Received: Character: e -> Pattern: 100100 Servo A (100): 1613µs, Servo B (100): 1613µs
2024-12-04 02:21:16,140 [DEBUG] Received message: Character: e -> Pattern: 100100 Servo A (100): 1613µs, Servo B (100): 1613µs
2024-12-04 02:21:16,141 [DEBUG] Pattern updated: 100100
2024-12-04 02:21:16,141 [DEBUG] Found servo matches: [('A', '1613'), ('B', '1613')]
2024-12-04 02:21:16,141 [DEBUG] Servo A pulse: 1613µs
2024-12-04 02:21:16,142 [DEBUG] Servo B pulse: 1613µs
2024-12-04 02:21:16,142 [DEBUG] Pulse width (bounded): 1613µs
2024-12-04 02:21:16,142 [DEBUG] Converted 1613µs to 100.2°
2024-12-04 02:21:16,142 [DEBUG] Setting Servo A angle to 100.2°
2024-12-04 02:21:16,142 [DEBUG] Updating servo angle from 127.8° to 100.2°
2024-12-04 02:21:16,142 [DEBUG] Drawing servo at angle: 100.2°
2024-12-04 02:21:16,161 [DEBUG] Pulse width (bounded): 1613µs
2024-12-04 02:21:16,161 [DEBUG] Converted 1613µs to 100.2°
2024-12-04 02:21:16,161 [DEBUG] Setting Servo B angle to 100.2°
2024-12-04 02:21:17,655 [DEBUG] Received: Character: e -> Pattern: 100100 Servo A (100): 1613µs, Servo B (100): 1613µs
2024-12-04 02:21:17,658 [DEBUG] Received message: Character: e -> Pattern: 100100 Servo A (100): 1613µs, Servo B (100): 1613µs
2024-12-04 02:21:17,661 [DEBUG] Pattern updated: 100100
2024-12-04 02:21:17,661 [DEBUG] Found servo matches: [('A', '1613'), ('B', '1613')]
2024-12-04 02:21:17,661 [DEBUG] Servo A pulse: 1613µs
2024-12-04 02:21:17,661 [DEBUG] Servo B pulse: 1613µs
2024-12-04 02:21:17,661 [DEBUG] Pulse width (bounded): 1613µs
2024-12-04 02:21:17,662 [DEBUG] Converted 1613µs to 100.2°
2024-12-04 02:21:17,662 [DEBUG] Setting Servo A angle to 100.2°
2024-12-04 02:21:17,662 [DEBUG] Pulse width (bounded): 1613µs
2024-12-04 02:21:17,662 [DEBUG] Converted 1613µs to 100.2°
2024-12-04 02:21:17,662 [DEBUG] Setting Servo B angle to 100.2°
2024-12-04 02:21:19,168 [DEBUG] Received: Character: t -> Pattern: 11110 Servo A (11): 1324µs, Servo B (110): 2037µs
2024-12-04 02:21:19,169 [DEBUG] Received message: Character: t -> Pattern: 11110 Servo A (11): 1324µs, Servo B (110): 2037µs
2024-12-04 02:21:19,170 [DEBUG] Found servo matches: [('A', '1324'), ('B', '2037')]
2024-12-04 02:21:19,171 [DEBUG] Servo A pulse: 1324µs
2024-12-04 02:21:19,171 [DEBUG] Servo B pulse: 2037µs
2024-12-04 02:21:19,171 [DEBUG] Pulse width (bounded): 1324µs
2024-12-04 02:21:19,171 [DEBUG] Converted 1324µs to 74.2°
2024-12-04 02:21:19,171 [DEBUG] Setting Servo A angle to 74.2°
2024-12-04 02:21:19,171 [DEBUG] Updating servo angle from 100.2° to 74.2°
2024-12-04 02:21:19,171 [DEBUG] Drawing servo at angle: 74.2°
2024-12-04 02:21:19,187 [DEBUG] Pulse width (bounded): 2037µs
2024-12-04 02:21:19,187 [DEBUG] Converted 2037µs to 138.3°
2024-12-04 02:21:19,187 [DEBUG] Setting Servo B angle to 138.3°
2024-12-04 02:21:19,187 [DEBUG] Updating servo angle from 100.2° to 138.3°
2024-12-04 02:21:19,187 [DEBUG] Drawing servo at angle: 138.3°
2024-12-04 02:21:20,680 [DEBUG] Received: Character: v -> Pattern: 101011 Servo A (101): 1920µs, Servo B (11): 1324µs
2024-12-04 02:21:20,681 [DEBUG] Received message: Character: v -> Pattern: 101011 Servo A (101): 1920µs, Servo B (11): 1324µs
2024-12-04 02:21:20,697 [DEBUG] Pattern updated: 101011
2024-12-04 02:21:20,697 [DEBUG] Found servo matches: [('A', '1920'), ('B', '1324')]
2024-12-04 02:21:20,697 [DEBUG] Servo A pulse: 1920µs
2024-12-04 02:21:20,697 [DEBUG] Servo B pulse: 1324µs
2024-12-04 02:21:20,698 [DEBUG] Pulse width (bounded): 1920µs
2024-12-04 02:21:20,698 [DEBUG] Converted 1920µs to 127.8°
2024-12-04 02:21:20,698 [DEBUG] Setting Servo A angle to 127.8°
2024-12-04 02:21:20,698 [DEBUG] Updating servo angle from 74.2° to 127.8°
2024-12-04 02:21:20,698 [DEBUG] Drawing servo at angle: 127.8°
2024-12-04 02:21:20,714 [DEBUG] Pulse width (bounded): 1324µs
2024-12-04 02:21:20,715 [DEBUG] Converted 1324µs to 74.2°
2024-12-04 02:21:20,715 [DEBUG] Setting Servo B angle to 74.2°
2024-12-04 02:21:20,715 [DEBUG] Updating servo angle from 138.3° to 74.2°
2024-12-04 02:21:20,715 [DEBUG] Drawing servo at angle: 74.2°
