2024-12-04 03:58:50,235 [INFO] Logging initialized
2024-12-04 03:58:50,235 [INFO] Starting Braille Controller Application
2024-12-04 03:58:50,370 [DEBUG] Configuration loaded from file
2024-12-04 03:58:50,371 [DEBUG] Configuration initialized
2024-12-04 03:58:50,378 [INFO] Available serial ports: ['/dev/cu.debug-console', '/dev/cu.Bluetooth-Incoming-Port', '/dev/cu.AlisJBLPARTYBOXON-THE-GO', '/dev/cu.usbmodem21101']
2024-12-04 03:58:50,378 [DEBUG] BrailleControllerGUI initialized
2024-12-04 03:58:50,378 [INFO] GUI initialized successfully
2024-12-04 03:58:50,378 [INFO] Application started - Log file: logs/braille_controller_20241204_035850.log
2024-12-04 03:58:58,948 [INFO] Connected to /dev/cu.usbmodem21101
2024-12-04 03:58:58,956 [DEBUG] Received: Braille Servo Controller Ready
2024-12-04 03:58:58,956 [DEBUG] Received message: Braille Servo Controller Ready
2024-12-04 03:58:59,062 [DEBUG] Received: Enter text to convert to Braille
2024-12-04 03:58:59,062 [DEBUG] Received message: Enter text to convert to Braille
2024-12-04 03:59:00,959 [DEBUG] Text command sent: TEXT:1
2024-12-04 03:59:00,960 [DEBUG] Pattern updated: 000000
2024-12-04 03:59:01,036 [DEBUG] Received: Processing: 1
2024-12-04 03:59:01,036 [DEBUG] Received message: Processing: 1
2024-12-04 03:59:01,138 [DEBUG] Received: Character: 1 -> Pattern: 100000 Servo A (100): 1613µs, Servo B (0): 844µs
2024-12-04 03:59:01,139 [DEBUG] Received message: Character: 1 -> Pattern: 100000 Servo A (100): 1613µs, Servo B (0): 844µs
2024-12-04 03:59:06,979 [INFO] Serial connection closed
2024-12-04 03:59:06,995 [INFO] Application shutdown complete
